========== Load data file ==========
Data dimension: 128
Data size: 1000000
Distance metric type: 0
========== Load query file ==========
Query dimension: 128
Query size: 10000
Distance metric type: 0
========== Build GTI ==========
Graph M: 16
Time of index construction: 265.749s
========== Update ==========
Search L: 60
Update setting: ratio=0.01, update_n=10000, chunk_size=1000
========== Search GTI ==========
query->num: 100
Time of search: 0.000594019s
Search recall: 0.881
========== Search GTI ==========
query->num: 100
Time of search: 0.000579841s
Search recall: 0.881
========== Search GTI ==========
query->num: 100
Time of search: 0.000586109s
Search recall: 0.881
========== Search GTI ==========
query->num: 100
Time of search: 0.000585812s
Search recall: 0.881
========== Search GTI ==========
query->num: 100
Time of search: 0.00059305s
Search recall: 0.878
========== Search GTI ==========
query->num: 100
Time of search: 0.000580741s
Search recall: 0.869
========== Search GTI ==========
query->num: 100
Time of search: 0.000588605s
Search recall: 0.857
========== Search GTI ==========
query->num: 100
Time of search: 0.000581164s
Search recall: 0.852
========== Search GTI ==========
query->num: 100
Time of search: 0.000592355s
Search recall: 0.846
========== Search GTI ==========
query->num: 100
Time of search: 0.000589514s
Search recall: 0.846
Insert avg time: 0.000534599s
========== Chunked delete 10000 items (chunk=2000, rebuild_threshold=0, PATCH_DELETE_ONLY) ==========
  PatchDelete 2000 items (total 2000) ... [GTI_TREE_AUGMENTED_PATCH] affected=40979 with_tree_cands=500
[GTI] Wolverine delete_model=2 (Wolverine/SEARCH)
total=13.3283s (graph_update=1.25006s, rebuild=0s)
========== Search GTI ==========
query->num: 100
Time of search: 0.000653986s
Search recall: 0.846
  PatchDelete 2000 items (total 4000) ... [GTI_TREE_AUGMENTED_PATCH] affected=40843 with_tree_cands=478
[GTI] Wolverine delete_model=2 (Wolverine/SEARCH)
total=12.6223s (graph_update=1.21098s, rebuild=0s)
========== Search GTI ==========
query->num: 100
Time of search: 0.000635277s
Search recall: 0.846
  PatchDelete 2000 items (total 6000) ... [GTI_TREE_AUGMENTED_PATCH] affected=36954 with_tree_cands=476
[GTI] Wolverine delete_model=2 (Wolverine/SEARCH)
total=12.3546s (graph_update=0.958114s, rebuild=0s)
========== Search GTI ==========
query->num: 100
Time of search: 0.000602996s
Search recall: 0.824
  PatchDelete 2000 items (total 8000) ... [GTI_TREE_AUGMENTED_PATCH] affected=35578 with_tree_cands=444
[GTI] Wolverine delete_model=2 (Wolverine/SEARCH)
total=10.4767s (graph_update=0.868089s, rebuild=0s)
========== Search GTI ==========
query->num: 100
Time of search: 0.000617632s
Search recall: 0.808
  PatchDelete 2000 items (total 10000) ... [GTI_TREE_AUGMENTED_PATCH] affected=37258 with_tree_cands=421
[GTI] Wolverine delete_model=2 (Wolverine/SEARCH)
total=10.535s (graph_update=0.961056s, rebuild=0s)
========== Search GTI ==========
query->num: 100
Time of search: 0.000597045s
Search recall: 0.797
Delete total time: 59.317s, avg per item: 0.0059317s
========== Save results ==========
Results saved to ./results/sift/update/wolverine_Wolverine_d1/update_summary_k10_l60_ratio0.010.txt
Curve saved to ./results/sift/update/wolverine_Wolverine_d1/update_curve_k10_l60_ratio0.010.csv
========== Done ==========
