========== Load data file ==========
Data dimension: 960
Data size: 1000000
Distance metric type: 0
========== Load query file ==========
Query dimension: 960
Query size: 1000
Distance metric type: 0
========== Build GTI ==========
MST_CONFIG: full_threshold=200 sample_size=300 balance_min_frac=0.200000 use_sampling=0 seed=42 medoid_k=64
MST attempts: 941209, used: 940801, fallbacks: 408
Time of index construction: 239.921692s
========== Update ==========
Update setting: ratio=0.005000, update_n=5000, chunk_size=500
========== Search GTI ==========
query->num: 100
Time of search: 0.002891s
Search recall: 0.871000
========== Search GTI ==========
query->num: 100
Time of search: 0.002716s
Search recall: 0.872000
========== Search GTI ==========
query->num: 100
Time of search: 0.002715s
Search recall: 0.872000
========== Search GTI ==========
query->num: 100
Time of search: 0.002775s
Search recall: 0.872000
========== Search GTI ==========
query->num: 100
Time of search: 0.002727s
Search recall: 0.872000
========== Search GTI ==========
query->num: 100
Time of search: 0.002715s
Search recall: 0.872000
========== Search GTI ==========
query->num: 100
Time of search: 0.002772s
Search recall: 0.872000
========== Search GTI ==========
query->num: 100
Time of search: 0.002728s
Search recall: 0.872000
========== Search GTI ==========
query->num: 100
Time of search: 0.002730s
Search recall: 0.871000
========== Search GTI ==========
query->num: 100
Time of search: 0.002736s
Search recall: 0.871000
Insert avg time: 0.004896s
========== Save results ==========
Results saved to ./results/split_compare/mst_param_tuning/gist/mst_full_1_run2/update/update_summary_k10_l60_ratio0.005.txt
Curve saved to ./results/split_compare/mst_param_tuning/gist/mst_full_1_run2/update/update_curve_k10_l60_ratio0.005.csv
========== Release memory ==========
