========== Load data file ==========
Data dimension: 128
Data size: 1000000
Distance metric type: 0
========== Load query file ==========
Query dimension: 128
Query size: 10000
Distance metric type: 0
========== Build GTI ==========
Graph M: 16
Time of index construction: 567.531s
========== Update ==========
Search L: 60
Update setting: ratio=0.01, update_n=10000, chunk_size=1000
========== Search GTI ==========
query->num: 100
Time of search: 0.00106342s
Search recall: 0.881
========== Search GTI ==========
query->num: 100
Time of search: 0.00103396s
Search recall: 0.881
========== Search GTI ==========
query->num: 100
Time of search: 0.0010303s
Search recall: 0.881
========== Search GTI ==========
query->num: 100
Time of search: 0.00103519s
Search recall: 0.881
========== Search GTI ==========
query->num: 100
Time of search: 0.00104747s
Search recall: 0.878
========== Search GTI ==========
query->num: 100
Time of search: 0.00103599s
Search recall: 0.869
========== Search GTI ==========
query->num: 100
Time of search: 0.00102441s
Search recall: 0.857
========== Search GTI ==========
query->num: 100
Time of search: 0.00103181s
Search recall: 0.852
========== Search GTI ==========
query->num: 100
Time of search: 0.00101619s
Search recall: 0.846
========== Search GTI ==========
query->num: 100
Time of search: 0.00102564s
Search recall: 0.846
Insert avg time: 0.000935681s
========== Chunked delete 10000 items (chunk=2000, rebuild_threshold=0, PATCH_DELETE_ONLY) ==========
  PatchDelete 2000 items (total 2000) ... [GTI_TREE_PRIORITY_SAME_LEAF] affected=40979 with_same_leaf=38902
[GTI] Wolverine delete_model=2 (Wolverine/SEARCH)
total=13.7242s (graph_update=2.74545s, rebuild=0s)
========== Search GTI ==========
query->num: 100
Time of search: 0.00200831s
Search recall: 0.846
  PatchDelete 2000 items (total 4000) ... [GTI_TREE_PRIORITY_SAME_LEAF] affected=40774 with_same_leaf=38780
[GTI] Wolverine delete_model=2 (Wolverine/SEARCH)
total=15.2213s (graph_update=2.17247s, rebuild=0s)
========== Search GTI ==========
query->num: 100
Time of search: 0.00101527s
Search recall: 0.846
  PatchDelete 2000 items (total 6000) ... [GTI_TREE_PRIORITY_SAME_LEAF] affected=36956 with_same_leaf=35080
[GTI] Wolverine delete_model=2 (Wolverine/SEARCH)
total=10.9116s (graph_update=1.97241s, rebuild=0s)
========== Search GTI ==========
query->num: 100
Time of search: 0.00117284s
Search recall: 0.824
  PatchDelete 2000 items (total 8000) ... [GTI_TREE_PRIORITY_SAME_LEAF] affected=35529 with_same_leaf=33604
[GTI] Wolverine delete_model=2 (Wolverine/SEARCH)
total=10.069s (graph_update=1.7967s, rebuild=0s)
========== Search GTI ==========
query->num: 100
Time of search: 0.00116525s
Search recall: 0.808
  PatchDelete 2000 items (total 10000) ... [GTI_TREE_PRIORITY_SAME_LEAF] affected=37235 with_same_leaf=35282
[GTI] Wolverine delete_model=2 (Wolverine/SEARCH)
total=11.693s (graph_update=1.92783s, rebuild=0s)
========== Search GTI ==========
query->num: 100
Time of search: 0.00162987s
Search recall: 0.797
Delete total time: 61.6191s, avg per item: 0.00616191s
========== Save results ==========
Results saved to ./results/sift/update/wolverine_Wolverine_d2_leveloff1/update_summary_k10_l60_ratio0.010.txt
Curve saved to ./results/sift/update/wolverine_Wolverine_d2_leveloff1/update_curve_k10_l60_ratio0.010.csv
========== Done ==========
