========== Load data file ==========
Data dimension: 128
Data size: 1000000
Distance metric type: 0
========== Load query file ==========
Query dimension: 128
Query size: 10000
Distance metric type: 0
========== Build GTI ==========
Graph M: 16
MST_CONFIG: full_threshold=32 sample_size=64 balance_min_frac=0.050000 use_sampling=1 seed=42 medoid_k=64
[SHG] GTI_SHG_FULL_DIM_LEVEL_SKIP=1: level-skipping uses full-dimensional distance (no compression)
[SHG] Graph M: 32 (GTI_SHG_M)
 data_rep_memory_: 0x7fe5d1106010 data_rep_size_:40
MST attempts: 900231, used: 900231, fallbacks: 0
Time of index construction: 248.826294s
========== Update ==========
Search L: 60
Update setting: ratio=0.010000, update_n=10000, chunk_size=1000
========== Search GTI ==========
query->num: 100
Time of search: 0.000255s
Search recall: 0.859000
========== Search GTI ==========
query->num: 100
Time of search: 0.000293s
Search recall: 0.859000
========== Search GTI ==========
query->num: 100
Time of search: 0.000248s
Search recall: 0.859000
========== Search GTI ==========
query->num: 100
Time of search: 0.000250s
Search recall: 0.859000
========== Search GTI ==========
query->num: 100
Time of search: 0.000248s
Search recall: 0.858000
========== Search GTI ==========
query->num: 100
Time of search: 0.000249s
Search recall: 0.857000
========== Search GTI ==========
query->num: 100
Time of search: 0.000248s
Search recall: 0.854000
========== Search GTI ==========
query->num: 100
Time of search: 0.000251s
Search recall: 0.854000
========== Search GTI ==========
query->num: 100
Time of search: 0.000247s
Search recall: 0.854000
========== Search GTI ==========
query->num: 100
Time of search: 0.000249s
Search recall: 0.854000
Insert avg time: 0.000586s
[D] rebuildShortcuts elapsed: 0.288316s
========== Chunked delete 10000 items (chunk=2000, rebuild_threshold=0, MARK_DELETE_ONLY) ==========
  MarkDelete 2000 items (total 2000) ... total=9.369845s (graph_update=0.001260s, rebuild=0.000000s)
========== Search GTI ==========
query->num: 100
Time of search: 0.000269s
Search recall: 0.854000
  MarkDelete 2000 items (total 4000) ... total=7.223458s (graph_update=0.001409s, rebuild=0.000000s)
========== Search GTI ==========
query->num: 100
Time of search: 0.000262s
Search recall: 0.854000
  MarkDelete 2000 items (total 6000) ... total=8.624221s (graph_update=0.001265s, rebuild=0.000000s)
========== Search GTI ==========
query->num: 100
Time of search: 0.000269s
Search recall: 0.813000
  MarkDelete 2000 items (total 8000) ... total=6.514722s (graph_update=0.002028s, rebuild=0.000000s)
========== Search GTI ==========
query->num: 100
Time of search: 0.000265s
Search recall: 0.785000
  MarkDelete 2000 items (total 10000) ... total=7.920641s (graph_update=0.001441s, rebuild=0.000000s)
========== Search GTI ==========
query->num: 100
Time of search: 0.000269s
Search recall: 0.777000
Delete total time: 39.652889s, avg per item: 0.003965s
========== Save results ==========
Results saved to ./results/ablation/sift/mst_shg_s2plus/update/update_summary_k10_l60_ratio0.010.txt
Curve saved to ./results/ablation/sift/mst_shg_s2plus/update/update_curve_k10_l60_ratio0.010.csv
========== Done ==========
