========== Load data file ==========
Data dimension: 128
Data size: 1000000
Distance metric type: 0
========== Load query file ==========
Query dimension: 128
Query size: 10000
Distance metric type: 0
========== Build GTI ==========
MST_CONFIG: full_threshold=128 sample_size=128 balance_min_frac=0.050000 use_sampling=1 seed=42 medoid_k=64
MST attempts: 900231, used: 900231, fallbacks: 0
Time of index construction: 39.452560s
========== Update ==========
Update setting: ratio=0.005000, update_n=5000, chunk_size=500
========== Search GTI ==========
query->num: 100
Time of search: 0.001400s
Search recall: 0.984000
========== Search GTI ==========
query->num: 100
Time of search: 0.001965s
Search recall: 0.984000
========== Search GTI ==========
query->num: 100
Time of search: 0.001037s
Search recall: 0.984000
========== Search GTI ==========
query->num: 100
Time of search: 0.002057s
Search recall: 0.984000
========== Search GTI ==========
query->num: 100
Time of search: 0.001375s
Search recall: 0.984000
========== Search GTI ==========
query->num: 100
Time of search: 0.001014s
Search recall: 0.984000
========== Search GTI ==========
query->num: 100
Time of search: 0.001179s
Search recall: 0.984000
========== Search GTI ==========
query->num: 100
Time of search: 0.001071s
Search recall: 0.984000
========== Search GTI ==========
query->num: 100
Time of search: 0.001339s
Search recall: 0.982000
========== Search GTI ==========
query->num: 100
Time of search: 0.001101s
Search recall: 0.971000
Insert avg time: 0.002098s
========== Save results ==========
Results saved to ./results/split_compare/mst_param_tuning/sift/exp6_run2/update/update_summary_k10_l60_ratio0.005.txt
Curve saved to ./results/split_compare/mst_param_tuning/sift/exp6_run2/update/update_curve_k10_l60_ratio0.005.csv
========== Release memory ==========
