========== Load data file ==========
Data dimension: 256
Data size: 1000000
Distance metric type: 0
========== Load query file ==========
Query dimension: 256
Query size: 1000
Distance metric type: 0
========== Build GTI ==========
MST_CONFIG: full_threshold=32 sample_size=64 balance_min_frac=0.050000 use_sampling=1 seed=42 medoid_k=64
MST attempts: 955020, used: 955017, fallbacks: 3
Time of index construction: 77.324661s
========== Update ==========
Update setting: ratio=0.005000, update_n=5000, chunk_size=500
========== Search GTI ==========
query->num: 100
Time of search: 0.001448s
Search recall: 0.963000
========== Search GTI ==========
query->num: 100
Time of search: 0.001353s
Search recall: 0.963000
========== Search GTI ==========
query->num: 100
Time of search: 0.001349s
Search recall: 0.963000
========== Search GTI ==========
query->num: 100
Time of search: 0.001966s
Search recall: 0.963000
========== Search GTI ==========
query->num: 100
Time of search: 0.001919s
Search recall: 0.962000
========== Search GTI ==========
query->num: 100
Time of search: 0.001891s
Search recall: 0.962000
========== Search GTI ==========
query->num: 100
Time of search: 0.001564s
Search recall: 0.962000
========== Search GTI ==========
query->num: 100
Time of search: 0.001880s
Search recall: 0.962000
========== Search GTI ==========
query->num: 100
Time of search: 0.001476s
Search recall: 0.962000
========== Search GTI ==========
query->num: 100
Time of search: 0.002164s
Search recall: 0.961000
Insert avg time: 0.002703s
========== Save results ==========
Results saved to ./results/split_compare/mst_param_tuning/deep/exp2_run3/update/update_summary_k10_l60_ratio0.005.txt
Curve saved to ./results/split_compare/mst_param_tuning/deep/exp2_run3/update/update_curve_k10_l60_ratio0.005.csv
========== Release memory ==========
