========== Load data file ==========
Data dimension: 128
Data size: 1000000
Distance metric type: 0
========== Load query file ==========
Query dimension: 128
Query size: 10000
Distance metric type: 0
========== Build GTI ==========
Graph M: 16
[SHG] GTI_SHG_FULL_DIM_LEVEL_SKIP=1: level-skipping uses full-dimensional distance (no compression)
[SHG] Graph M: 24 (GTI_SHG_M)
 data_rep_memory_: 0x7fc000f1d010 data_rep_size_:40
Time of index construction: 575.989s
========== Update ==========
Search L: 60
Update setting: ratio=0.01, update_n=10000, chunk_size=1000
========== Search GTI ==========
query->num: 100
Time of search: 0.000741188s
Search recall: 0.857
========== Search GTI ==========
query->num: 100
Time of search: 0.000680787s
Search recall: 0.857
========== Search GTI ==========
query->num: 100
Time of search: 0.000568314s
Search recall: 0.857
========== Search GTI ==========
query->num: 100
Time of search: 0.000823591s
Search recall: 0.857
========== Search GTI ==========
query->num: 100
Time of search: 0.000443556s
Search recall: 0.856
========== Search GTI ==========
query->num: 100
Time of search: 0.000902559s
Search recall: 0.854
========== Search GTI ==========
query->num: 100
Time of search: 0.000655859s
Search recall: 0.851
========== Search GTI ==========
query->num: 100
Time of search: 0.000699917s
Search recall: 0.851
========== Search GTI ==========
query->num: 100
Time of search: 0.000632974s
Search recall: 0.851
========== Search GTI ==========
query->num: 100
Time of search: 0.000734422s
Search recall: 0.851
Insert avg time: 0.00128098s
[D] rebuildShortcuts elapsed: 1.40655s
========== Chunked delete 10000 items (chunk=2000, rebuild_threshold=0, MARK_DELETE_ONLY) ==========
  MarkDelete 2000 items (total 2000) ... total=46.5019s (graph_update=0.00473503s, rebuild=0s)
========== Search GTI ==========
query->num: 100
Time of search: 0.00106662s
Search recall: 0.851
  MarkDelete 2000 items (total 4000) ... total=41.211s (graph_update=0.00250058s, rebuild=0s)
========== Search GTI ==========
query->num: 100
Time of search: 0.000388247s
Search recall: 0.851
  MarkDelete 2000 items (total 6000) ... total=42.178s (graph_update=0.00462651s, rebuild=0s)
========== Search GTI ==========
query->num: 100
Time of search: 0.000930199s
Search recall: 0.815
  MarkDelete 2000 items (total 8000) ... total=30.3119s (graph_update=0.00478378s, rebuild=0s)
========== Search GTI ==========
query->num: 100
Time of search: 0.00083466s
Search recall: 0.785
  MarkDelete 2000 items (total 10000) ... total=32.6236s (graph_update=0.00369066s, rebuild=0s)
========== Search GTI ==========
query->num: 100
Time of search: 0.000765206s
Search recall: 0.774
Delete total time: 192.826s, avg per item: 0.0192826s
========== Save results ==========
Results saved to ./results/sift/update/shg_prune0_opt_s2_plus/update_summary_k10_l60_ratio0.010.txt
Curve saved to ./results/sift/update/shg_prune0_opt_s2_plus/update_curve_k10_l60_ratio0.010.csv
========== Done ==========
