========== Load data file ==========
Data dimension: 128
Data size: 1000000
Distance metric type: 0
========== Load query file ==========
Query dimension: 128
Query size: 10000
Distance metric type: 0
========== Build GTI ==========
Time of index construction: 237.479s
========== Update ==========
Update setting: ratio=0.01, update_n=10000, chunk_size=1000
========== Search GTI ==========
query->num: 100
Time of search: 0.00082856s
Search recall: 0.881
========== Search GTI ==========
query->num: 100
Time of search: 0.000827503s
Search recall: 0.881
========== Search GTI ==========
query->num: 100
Time of search: 0.000828598s
Search recall: 0.881
========== Search GTI ==========
query->num: 100
Time of search: 0.000829097s
Search recall: 0.881
========== Search GTI ==========
query->num: 100
Time of search: 0.00082968s
Search recall: 0.878
========== Search GTI ==========
query->num: 100
Time of search: 0.000831767s
Search recall: 0.869
========== Search GTI ==========
query->num: 100
Time of search: 0.000827171s
Search recall: 0.857
========== Search GTI ==========
query->num: 100
Time of search: 0.000829517s
Search recall: 0.852
========== Search GTI ==========
query->num: 100
Time of search: 0.000827502s
Search recall: 0.846
========== Search GTI ==========
query->num: 100
Time of search: 0.000828433s
Search recall: 0.846
Insert avg time: 0.000500488s
========== Chunked delete 10000 items (chunk=2000, rebuild_threshold=0, PATCH_DELETE_ONLY) ==========
  PatchDelete 2000 items (total 2000) ... total=2.87142s (graph_update=0.19419s, rebuild=0s)
========== Search GTI ==========
query->num: 100
Time of search: 0.000998492s
Search recall: 0.846
  PatchDelete 2000 items (total 4000) ... total=2.74528s (graph_update=0.194132s, rebuild=0s)
========== Search GTI ==========
query->num: 100
Time of search: 0.000975007s
Search recall: 0.846
  PatchDelete 2000 items (total 6000) ... total=2.68931s (graph_update=0.188615s, rebuild=0s)
========== Search GTI ==========
query->num: 100
Time of search: 0.000977417s
Search recall: 0.824
  PatchDelete 2000 items (total 8000) ... total=2.30251s (graph_update=0.186117s, rebuild=0s)
========== Search GTI ==========
query->num: 100
Time of search: 0.000970649s
Search recall: 0.808
  PatchDelete 2000 items (total 10000) ... total=2.46071s (graph_update=0.187598s, rebuild=0s)
========== Search GTI ==========
query->num: 100
Time of search: 0.000952592s
Search recall: 0.797
Delete total time: 13.0692s, avg per item: 0.00130692s
========== Save results ==========
Results saved to ./results/sift/update/recall_sweep/efb160_em8/update_summary_k10_l60_ratio0.01.txt
Curve saved to ./results/sift/update/recall_sweep/efb160_em8/update_curve_k10_l60_ratio0.01.csv
========== Done ==========
