========== Load data file ==========
Data dimension: 256
Data size: 1000000
Distance metric type: 0
========== Load query file ==========
Query dimension: 256
Query size: 1000
Distance metric type: 0
========== Build GTI ==========
Time of index construction: 75.8671s
========== Update ==========
Update setting: ratio=0.005, update_n=5000, chunk_size=500
========== Search GTI ==========
query->num: 100
Time of search: 0.0013751s
Search recall: 0.937
========== Search GTI ==========
query->num: 100
Time of search: 0.00154924s
Search recall: 0.937
========== Search GTI ==========
query->num: 100
Time of search: 0.00137519s
Search recall: 0.937
========== Search GTI ==========
query->num: 100
Time of search: 0.00137315s
Search recall: 0.937
========== Search GTI ==========
query->num: 100
Time of search: 0.00143795s
Search recall: 0.936
========== Search GTI ==========
query->num: 100
Time of search: 0.00138759s
Search recall: 0.936
========== Search GTI ==========
query->num: 100
Time of search: 0.00139792s
Search recall: 0.936
========== Search GTI ==========
query->num: 100
Time of search: 0.00140806s
Search recall: 0.936
========== Search GTI ==========
query->num: 100
Time of search: 0.00136589s
Search recall: 0.936
========== Search GTI ==========
query->num: 100
Time of search: 0.00147676s
Search recall: 0.935
Insert avg time: 0.00251866s
========== Save results ==========
Results saved to ./results/lsh_experiment/deep_ef5L_L2K4s4d16_run1/update/update_summary_k10_l60_ratio0.005.txt
Curve saved to ./results/lsh_experiment/deep_ef5L_L2K4s4d16_run1/update/update_curve_k10_l60_ratio0.005.csv
========== Release memory ==========
