========== Load data file ==========
Data dimension: 960
Data size: 1000000
Distance metric type: 0
========== Load query file ==========
Query dimension: 960
Query size: 1000
Distance metric type: 0
========== Build GTI ==========
Graph M: 16
MST_CONFIG: full_threshold=200 sample_size=200 balance_min_frac=0.100000 use_sampling=0 seed=42 medoid_k=64
MST attempts: 941213, used: 940805, fallbacks: 408
Time of index construction: 1610.994629s
========== Search GTI ==========
query->num: 100
Time of search: 0.002615s
Search recall: 0.858000
========== Save results ==========
Results saved to ./results/ablation/gist/mst_wolverine_d2/aknn/cost_10_60.txt
========== Release memory ==========
