========== Load data file ==========
Data dimension: 960
Data size: 1000000
Distance metric type: 0
========== Load query file ==========
Query dimension: 960
Query size: 1000
Distance metric type: 0
========== Build GTI ==========
MST_CONFIG: full_threshold=200 sample_size=200 balance_min_frac=0.100000 use_sampling=0 seed=42 medoid_k=64
MST attempts: 941209, used: 940801, fallbacks: 408
Time of index construction: 239.507599s
========== Update ==========
Update setting: ratio=0.005000, update_n=5000, chunk_size=500
========== Search GTI ==========
query->num: 100
Time of search: 0.003182s
Search recall: 0.894000
========== Search GTI ==========
query->num: 100
Time of search: 0.003375s
Search recall: 0.892000
========== Search GTI ==========
query->num: 100
Time of search: 0.002820s
Search recall: 0.892000
========== Search GTI ==========
query->num: 100
Time of search: 0.002801s
Search recall: 0.894000
========== Search GTI ==========
query->num: 100
Time of search: 0.002870s
Search recall: 0.894000
========== Search GTI ==========
query->num: 100
Time of search: 0.002853s
Search recall: 0.894000
========== Search GTI ==========
query->num: 100
Time of search: 0.003174s
Search recall: 0.894000
========== Search GTI ==========
query->num: 100
Time of search: 0.002813s
Search recall: 0.894000
========== Search GTI ==========
query->num: 100
Time of search: 0.002881s
Search recall: 0.894000
========== Search GTI ==========
query->num: 100
Time of search: 0.002777s
Search recall: 0.894000
Insert avg time: 0.005458s
========== Save results ==========
Results saved to ./results/split_compare/mst_param_tuning/gist/mst_full_4_run1/update/update_summary_k10_l60_ratio0.005.txt
Curve saved to ./results/split_compare/mst_param_tuning/gist/mst_full_4_run1/update/update_curve_k10_l60_ratio0.005.csv
========== Release memory ==========
