========== Load data file ==========
Data dimension: 128
Data size: 1000000
Distance metric type: 0
========== Load query file ==========
Query dimension: 128
Query size: 10000
Distance metric type: 0
========== Build GTI ==========
Graph M: 16
[SHG] Graph M: 24 (GTI_SHG_M)
 data_rep_memory_: 0x7f4946b64010 data_rep_size_:40
Time of index construction: 320.273s
========== Update ==========
Search L: 60
Update setting: ratio=0.01, update_n=10000, chunk_size=1000
========== Search GTI ==========
query->num: 100
Time of search: 0.00216188s
Search recall: 0.719
========== Search GTI ==========
query->num: 100
Time of search: 0.00178837s
Search recall: 0.721
========== Search GTI ==========
query->num: 100
Time of search: 0.00178625s
Search recall: 0.718
========== Search GTI ==========
query->num: 100
Time of search: 0.00181032s
Search recall: 0.717
========== Search GTI ==========
query->num: 100
Time of search: 0.00193828s
Search recall: 0.716
========== Search GTI ==========
query->num: 100
Time of search: 0.001796s
Search recall: 0.714
========== Search GTI ==========
query->num: 100
Time of search: 0.00200586s
Search recall: 0.713
========== Search GTI ==========
query->num: 100
Time of search: 0.00177447s
Search recall: 0.711
========== Search GTI ==========
query->num: 100
Time of search: 0.00187865s
Search recall: 0.712
========== Search GTI ==========
query->num: 100
Time of search: 0.00184669s
Search recall: 0.712
Insert avg time: 0.000700629s
========== Chunked delete 10000 items (chunk=2000, rebuild_threshold=0, MARK_DELETE_ONLY) ==========
  MarkDelete 2000 items (total 2000) ... total=18.3486s (graph_update=0.00173302s, rebuild=0s)
========== Search GTI ==========
query->num: 100
Time of search: 0.00197349s
Search recall: 0.614
  MarkDelete 2000 items (total 4000) ... total=19.098s (graph_update=0.00184692s, rebuild=0s)
========== Search GTI ==========
query->num: 100
Time of search: 0.00188448s
Search recall: 0.747
  MarkDelete 2000 items (total 6000) ... total=17.5639s (graph_update=0.00178178s, rebuild=0s)
========== Search GTI ==========
query->num: 100
Time of search: 0.0018969s
Search recall: 0.591
  MarkDelete 2000 items (total 8000) ... total=21.4001s (graph_update=0.00241173s, rebuild=0s)
========== Search GTI ==========
query->num: 100
Time of search: 0.00188745s
Search recall: 0.756
  MarkDelete 2000 items (total 10000) ... total=14.5802s (graph_update=0.00167149s, rebuild=0s)
========== Search GTI ==========
query->num: 100
Time of search: 0.00199419s
Search recall: 0.718
Delete total time: 90.9909s, avg per item: 0.00909908s
========== Save results ==========
Results saved to ./results/sift/update/shg/update_summary_k10_l60_ratio0.010.txt
Curve saved to ./results/sift/update/shg/update_curve_k10_l60_ratio0.010.csv
========== Done ==========
