========== Load data file ==========
Data dimension: 256
Data size: 1000000
Distance metric type: 0
========== Load query file ==========
Query dimension: 256
Query size: 1000
Distance metric type: 0
========== Build GTI ==========
MST_CONFIG: full_threshold=32 sample_size=64 balance_min_frac=0.050000 use_sampling=1 seed=42 medoid_k=64
MST attempts: 955020, used: 955017, fallbacks: 3
Time of index construction: 76.641396s
========== Update ==========
Update setting: ratio=0.005000, update_n=5000, chunk_size=500
========== Search GTI ==========
query->num: 100
Time of search: 0.001605s
Search recall: 0.955000
========== Search GTI ==========
query->num: 100
Time of search: 0.001548s
Search recall: 0.955000
========== Search GTI ==========
query->num: 100
Time of search: 0.001606s
Search recall: 0.955000
========== Search GTI ==========
query->num: 100
Time of search: 0.001905s
Search recall: 0.955000
========== Search GTI ==========
query->num: 100
Time of search: 0.001355s
Search recall: 0.954000
========== Search GTI ==========
query->num: 100
Time of search: 0.001369s
Search recall: 0.954000
========== Search GTI ==========
query->num: 100
Time of search: 0.003528s
Search recall: 0.954000
========== Search GTI ==========
query->num: 100
Time of search: 0.001429s
Search recall: 0.954000
========== Search GTI ==========
query->num: 100
Time of search: 0.001669s
Search recall: 0.954000
========== Search GTI ==========
query->num: 100
Time of search: 0.001464s
Search recall: 0.953000
Insert avg time: 0.002610s
========== Save results ==========
Results saved to ./results/split_compare/mst_param_tuning/deep/exp2_run1/update/update_summary_k10_l60_ratio0.005.txt
Curve saved to ./results/split_compare/mst_param_tuning/deep/exp2_run1/update/update_curve_k10_l60_ratio0.005.csv
========== Release memory ==========
