========== Load data file ==========
Data dimension: 256
Data size: 1000000
Distance metric type: 0
========== Load query file ==========
Query dimension: 256
Query size: 1000
Distance metric type: 0
========== Build GTI ==========
Time of index construction: 77.0891s
========== Update ==========
Update setting: ratio=0.005, update_n=5000, chunk_size=500
========== Search GTI ==========
query->num: 100
Time of search: 0.00323312s
Search recall: 0.941
========== Search GTI ==========
query->num: 100
Time of search: 0.00299488s
Search recall: 0.941
========== Search GTI ==========
query->num: 100
Time of search: 0.0026044s
Search recall: 0.941
========== Search GTI ==========
query->num: 100
Time of search: 0.00290367s
Search recall: 0.941
========== Search GTI ==========
query->num: 100
Time of search: 0.00307803s
Search recall: 0.941
========== Search GTI ==========
query->num: 100
Time of search: 0.00265685s
Search recall: 0.941
========== Search GTI ==========
query->num: 100
Time of search: 0.00340942s
Search recall: 0.941
========== Search GTI ==========
query->num: 100
Time of search: 0.00292881s
Search recall: 0.941
========== Search GTI ==========
query->num: 100
Time of search: 0.00331919s
Search recall: 0.941
========== Search GTI ==========
query->num: 100
Time of search: 0.00342305s
Search recall: 0.94
Insert avg time: 0.00279099s
========== Save results ==========
Results saved to ./results/lsh_experiment/lsh_run3/update/update_summary_k10_l60_ratio0.005.txt
Curve saved to ./results/lsh_experiment/lsh_run3/update/update_curve_k10_l60_ratio0.005.csv
========== Release memory ==========
