========== Load data file ==========
Data dimension: 960
Data size: 1000000
Distance metric type: 0
========== Load query file ==========
Query dimension: 960
Query size: 1000
Distance metric type: 0
========== Build GTI ==========
Time of index construction: 238.287s
========== Update ==========
Update setting: ratio=0.005, update_n=5000, chunk_size=500
========== Search GTI ==========
query->num: 100
Time of search: 0.00387004s
Search recall: 0.873
========== Search GTI ==========
query->num: 100
Time of search: 0.00336619s
Search recall: 0.873
========== Search GTI ==========
query->num: 100
Time of search: 0.00295077s
Search recall: 0.873
========== Search GTI ==========
query->num: 100
Time of search: 0.00334925s
Search recall: 0.874
========== Search GTI ==========
query->num: 100
Time of search: 0.00296993s
Search recall: 0.875
========== Search GTI ==========
query->num: 100
Time of search: 0.0029495s
Search recall: 0.874
========== Search GTI ==========
query->num: 100
Time of search: 0.00370666s
Search recall: 0.874
========== Search GTI ==========
query->num: 100
Time of search: 0.00289933s
Search recall: 0.875
========== Search GTI ==========
query->num: 100
Time of search: 0.0033931s
Search recall: 0.876
========== Search GTI ==========
query->num: 100
Time of search: 0.00349605s
Search recall: 0.875
Insert avg time: 0.00579994s
========== Save results ==========
Results saved to ./results/lsh_experiment/gist_baseline_run2/update/update_summary_k10_l60_ratio0.005.txt
Curve saved to ./results/lsh_experiment/gist_baseline_run2/update/update_curve_k10_l60_ratio0.005.csv
========== Release memory ==========
