========== Load data file ==========
Data dimension: 256
Data size: 1000000
Distance metric type: 0
========== Load query file ==========
Query dimension: 256
Query size: 1000
Distance metric type: 0
========== Build GTI ==========
Graph M: 16
MST_CONFIG: full_threshold=32 sample_size=64 balance_min_frac=0.050000 use_sampling=1 seed=42 medoid_k=64
[SHG] GTI_SHG_FULL_DIM_LEVEL_SKIP=1: level-skipping uses full-dimensional distance (no compression)
[SHG] Graph M: 24 (GTI_SHG_M)
 data_rep_memory_: 0x7f2743ef3010 data_rep_size_:84
MST attempts: 955020, used: 955017, fallbacks: 3
Time of index construction: 332.393097s
========== Search GTI ==========
query->num: 100
Time of search: 0.000428s
Search recall: 0.865000
========== Save results ==========
Results saved to ./results/ablation/deep/mst_shg_s2plus/aknn/cost_10_60.txt
========== Release memory ==========
