========== Load data file ==========
Data dimension: 128
Data size: 1000000
Distance metric type: 0
========== Load query file ==========
Query dimension: 128
Query size: 10000
Distance metric type: 0
========== Build GTI ==========
Graph M: 16
MST_CONFIG: full_threshold=200 sample_size=300 balance_min_frac=0.100000 use_sampling=0 seed=42 medoid_k=64
MST attempts: 900231, used: 900231, fallbacks: 0
Time of index construction: 401.174591s
========== Search GTI ==========
query->num: 100
Time of search: 0.000782s
Search recall: 0.878000
========== Save results ==========
Results saved to ./results/ablation/sift/mst_wolverine_d2/aknn/cost_10_60.txt
========== Release memory ==========
