========== Load data file ==========
Data dimension: 128
Data size: 1000000
Distance metric type: 0
========== Load query file ==========
Query dimension: 128
Query size: 10000
Distance metric type: 0
========== Build GTI ==========
Graph M: 16
Time of index construction: 240.26s
========== Update ==========
Search L: 60
Update setting: ratio=0.01, update_n=10000, chunk_size=1000
========== Search GTI ==========
query->num: 100
Time of search: 0.000566375s
Search recall: 0.881
========== Search GTI ==========
query->num: 100
Time of search: 0.00055955s
Search recall: 0.881
========== Search GTI ==========
query->num: 100
Time of search: 0.000568824s
Search recall: 0.881
========== Search GTI ==========
query->num: 100
Time of search: 0.000565051s
Search recall: 0.881
========== Search GTI ==========
query->num: 100
Time of search: 0.000566855s
Search recall: 0.878
========== Search GTI ==========
query->num: 100
Time of search: 0.000572193s
Search recall: 0.869
========== Search GTI ==========
query->num: 100
Time of search: 0.000557725s
Search recall: 0.857
========== Search GTI ==========
query->num: 100
Time of search: 0.000559613s
Search recall: 0.852
========== Search GTI ==========
query->num: 100
Time of search: 0.000560361s
Search recall: 0.846
========== Search GTI ==========
query->num: 100
Time of search: 0.000557342s
Search recall: 0.846
Insert avg time: 0.000507217s
========== Chunked delete 10000 items (chunk=2000, rebuild_threshold=0, PATCH_DELETE_ONLY) ==========
  PatchDelete 2000 items (total 2000) ... [GTI_TREE_PRIORITY_SAME_LEAF] affected=40979 with_same_leaf=38902
total=4.94855s (graph_update=0.218754s, rebuild=0s)
========== Search GTI ==========
query->num: 100
Time of search: 0.000668143s
Search recall: 0.846
  PatchDelete 2000 items (total 4000) ... [GTI_TREE_PRIORITY_SAME_LEAF] affected=39963 with_same_leaf=37993
total=4.40046s (graph_update=0.213163s, rebuild=0s)
========== Search GTI ==========
query->num: 100
Time of search: 0.000655283s
Search recall: 0.846
  PatchDelete 2000 items (total 6000) ... [GTI_TREE_PRIORITY_SAME_LEAF] affected=36341 with_same_leaf=34489
total=4.75252s (graph_update=0.207297s, rebuild=0s)
========== Search GTI ==========
query->num: 100
Time of search: 0.00065468s
Search recall: 0.824
  PatchDelete 2000 items (total 8000) ... [GTI_TREE_PRIORITY_SAME_LEAF] affected=35158 with_same_leaf=33241
total=3.68274s (graph_update=0.199476s, rebuild=0s)
========== Search GTI ==========
query->num: 100
Time of search: 0.000651808s
Search recall: 0.808
  PatchDelete 2000 items (total 10000) ... [GTI_TREE_PRIORITY_SAME_LEAF] affected=36581 with_same_leaf=34654
total=4.0156s (graph_update=0.204098s, rebuild=0s)
========== Search GTI ==========
query->num: 100
Time of search: 0.000648787s
Search recall: 0.797
Delete total time: 21.7999s, avg per item: 0.00217999s
========== Save results ==========
Results saved to ./results/sift/update/wolverine_same_leaf/update_summary_k10_l60_ratio0.010.txt
Curve saved to ./results/sift/update/wolverine_same_leaf/update_curve_k10_l60_ratio0.010.csv
========== Done ==========
