========== Load data file ==========
Data dimension: 128
Data size: 1000000
Distance metric type: 0
========== Load query file ==========
Query dimension: 128
Query size: 10000
Distance metric type: 0
========== Build GTI ==========
Graph M: 16
 data_rep_memory_: 0x7f5dde8d6010 data_rep_size_:40
HNSW graph layers (maxlevel_): 5
Time of index construction: 484.921s
========== Search GTI ==========
query->num: 100
Time of search: 0.00428623s
Search recall: 0.836
========== Save results ==========
Results saved to ./results/sift/aknn_compare/shg/cost_10_60.txt
========== Release memory ==========
