========== Load data file ==========
Data dimension: 128
Data size: 1000000
Distance metric type: 0
========== Load query file ==========
Query dimension: 128
Query size: 10000
Distance metric type: 0
========== Build GTI ==========
Time of index construction: 285.072s
========== Update ==========
Update setting: ratio=0.01, update_n=10000, chunk_size=1000
========== Search GTI ==========
query->num: 100
Time of search: 0.00056592s
Search recall: 0.881
========== Search GTI ==========
query->num: 100
Time of search: 0.000564276s
Search recall: 0.881
========== Search GTI ==========
query->num: 100
Time of search: 0.000565645s
Search recall: 0.881
========== Search GTI ==========
query->num: 100
Time of search: 0.000568512s
Search recall: 0.881
========== Search GTI ==========
query->num: 100
Time of search: 0.000563138s
Search recall: 0.878
========== Search GTI ==========
query->num: 100
Time of search: 0.000572871s
Search recall: 0.869
========== Search GTI ==========
query->num: 100
Time of search: 0.000563847s
Search recall: 0.857
========== Search GTI ==========
query->num: 100
Time of search: 0.000560927s
Search recall: 0.852
========== Search GTI ==========
query->num: 100
Time of search: 0.000560575s
Search recall: 0.846
========== Search GTI ==========
query->num: 100
Time of search: 0.000560302s
Search recall: 0.846
Insert avg time: 0.000573582s
========== Chunked delete 10000 items (chunk=2000, rebuild_threshold=0, PATCH_DELETE_ONLY) ==========
  PatchDelete 2000 items (total 2000) ... total=2.27738s (graph_update=0.210148s, rebuild=0s)
========== Search GTI ==========
query->num: 100
Time of search: 0.000686191s
Search recall: 0.846
  PatchDelete 2000 items (total 4000) ... total=2.11275s (graph_update=0.209289s, rebuild=0s)
========== Search GTI ==========
query->num: 100
Time of search: 0.000674278s
Search recall: 0.846
  PatchDelete 2000 items (total 6000) ... total=2.15573s (graph_update=0.202003s, rebuild=0s)
========== Search GTI ==========
query->num: 100
Time of search: 0.000666505s
Search recall: 0.824
  PatchDelete 2000 items (total 8000) ... total=1.79336s (graph_update=0.201034s, rebuild=0s)
========== Search GTI ==========
query->num: 100
Time of search: 0.000660242s
Search recall: 0.808
  PatchDelete 2000 items (total 10000) ... total=1.91246s (graph_update=0.199378s, rebuild=0s)
========== Search GTI ==========
query->num: 100
Time of search: 0.000657604s
Search recall: 0.797
Delete total time: 10.2517s, avg per item: 0.00102517s
========== Save results ==========
Results saved to ./results/sift/update/recall_sweep/efb200_em5/update_summary_k10_l60_ratio0.01.txt
Curve saved to ./results/sift/update/recall_sweep/efb200_em5/update_curve_k10_l60_ratio0.01.csv
========== Done ==========
