========== Load data file ==========
Data dimension: 960
Data size: 1000000
Distance metric type: 0
========== Load query file ==========
Query dimension: 960
Query size: 1000
Distance metric type: 0
========== Build GTI ==========
MST_CONFIG: full_threshold=64 sample_size=128 balance_min_frac=0.050000 use_sampling=1 seed=42 medoid_k=64
MST attempts: 941209, used: 940801, fallbacks: 408
Time of index construction: 238.488815s
========== Update ==========
Update setting: ratio=0.005000, update_n=5000, chunk_size=500
========== Search GTI ==========
query->num: 100
Time of search: 0.003349s
Search recall: 0.880000
========== Search GTI ==========
query->num: 100
Time of search: 0.003595s
Search recall: 0.878000
========== Search GTI ==========
query->num: 100
Time of search: 0.002887s
Search recall: 0.878000
========== Search GTI ==========
query->num: 100
Time of search: 0.003007s
Search recall: 0.879000
========== Search GTI ==========
query->num: 100
Time of search: 0.002954s
Search recall: 0.879000
========== Search GTI ==========
query->num: 100
Time of search: 0.002926s
Search recall: 0.879000
========== Search GTI ==========
query->num: 100
Time of search: 0.002887s
Search recall: 0.880000
========== Search GTI ==========
query->num: 100
Time of search: 0.003520s
Search recall: 0.879000
========== Search GTI ==========
query->num: 100
Time of search: 0.002930s
Search recall: 0.879000
========== Search GTI ==========
query->num: 100
Time of search: 0.003259s
Search recall: 0.879000
Insert avg time: 0.005382s
========== Save results ==========
Results saved to ./results/split_compare/mst_param_tuning/gist/exp5_run3/update/update_summary_k10_l60_ratio0.005.txt
Curve saved to ./results/split_compare/mst_param_tuning/gist/exp5_run3/update/update_curve_k10_l60_ratio0.005.csv
========== Release memory ==========
