========== Load data file ==========
Data dimension: 256
Data size: 1000000
Distance metric type: 0
========== Load query file ==========
Query dimension: 256
Query size: 1000
Distance metric type: 0
========== Build GTI ==========
Time of index construction: 74.4091s
========== Update ==========
Update setting: ratio=0.005, update_n=5000, chunk_size=500
========== Search GTI ==========
query->num: 100
Time of search: 0.00171367s
Search recall: 0.939
========== Search GTI ==========
query->num: 100
Time of search: 0.00141909s
Search recall: 0.939
========== Search GTI ==========
query->num: 100
Time of search: 0.00165372s
Search recall: 0.939
========== Search GTI ==========
query->num: 100
Time of search: 0.00139157s
Search recall: 0.939
========== Search GTI ==========
query->num: 100
Time of search: 0.00138406s
Search recall: 0.939
========== Search GTI ==========
query->num: 100
Time of search: 0.00138482s
Search recall: 0.939
========== Search GTI ==========
query->num: 100
Time of search: 0.00141069s
Search recall: 0.939
========== Search GTI ==========
query->num: 100
Time of search: 0.00138762s
Search recall: 0.939
========== Search GTI ==========
query->num: 100
Time of search: 0.00140627s
Search recall: 0.939
========== Search GTI ==========
query->num: 100
Time of search: 0.00171442s
Search recall: 0.938
Insert avg time: 0.00260884s
========== Save results ==========
Results saved to ./results/lsh_experiment/deep_ef5L_L4K4s6d24_run2/update/update_summary_k10_l60_ratio0.005.txt
Curve saved to ./results/lsh_experiment/deep_ef5L_L4K4s6d24_run2/update/update_curve_k10_l60_ratio0.005.csv
========== Release memory ==========
