========== Load data file ==========
Data dimension: 128
Data size: 1000000
Distance metric type: 0
========== Load query file ==========
Query dimension: 128
Query size: 10000
Distance metric type: 0
========== Build GTI ==========
Graph M: 16
[?12l[?25h data_rep_memory_: 0x7f0afa0b9010 data_rep_size_:40
HNSW graph layers (maxlevel_): 5
Time of index construction: 567.455s
========== Update ==========
Search L: 60
Update setting: ratio=0.01, update_n=10000, chunk_size=1000
========== Search GTI ==========
query->num: 100
Time of search: 0.00511651s
Search recall: 0.836
========== Search GTI ==========
query->num: 100
Time of search: 0.00503235s
Search recall: 0.83
========== Search GTI ==========
query->num: 100
Time of search: 0.00467716s
Search recall: 0.83
========== Search GTI ==========
query->num: 100
Time of search: 0.00465499s
Search recall: 0.83
========== Search GTI ==========
query->num: 100
Time of search: 0.00460479s
Search recall: 0.829
========== Search GTI ==========
query->num: 100
Time of search: 0.0047422s
Search recall: 0.826
========== Search GTI ==========
query->num: 100
Time of search: 0.00468146s
Search recall: 0.825
========== Search GTI ==========
query->num: 100
Time of search: 0.00478244s
Search recall: 0.824
========== Search GTI ==========
query->num: 100
Time of search: 0.00468098s
Search recall: 0.825
========== Search GTI ==========
query->num: 100
Time of search: 0.00471678s
Search recall: 0.825
Insert avg time: 0.0010253s
========== Chunked delete 10000 items (chunk=2000, rebuild_threshold=0, MARK_DELETE_ONLY) ==========
  MarkDelete 2000 items (total 2000) ... total=24.7671s (graph_update=0.00127257s, rebuild=0s)
========== Search GTI ==========
query->num: 100
Time of search: 0.00803976s
Search recall: 0.738
  MarkDelete 2000 items (total 4000) ... total=39.852s (graph_update=0.00195567s, rebuild=0s)
========== Search GTI ==========
query->num: 100
Time of search: 0.0146895s
Search recall: 0.771
  MarkDelete 2000 items (total 6000) ... total=44.6292s (graph_update=0.0014852s, rebuild=0s)
========== Search GTI ==========
query->num: 100
Time of search: 0.00936917s
Search recall: 0.789
  MarkDelete 2000 items (total 8000) ... total=34.9999s (graph_update=0.00198633s, rebuild=0s)
========== Search GTI ==========
query->num: 100
Time of search: 0.0195481s
Search recall: 0.77
  MarkDelete 2000 items (total 10000) ... total=37.8777s (graph_update=0.00115404s, rebuild=0s)
========== Search GTI ==========
query->num: 100
Time of search: 0.0124278s
Search recall: 0.756
Delete total time: 182.126s, avg per item: 0.0182126s
========== Save results ==========
Results saved to ./results/sift/update/shg_d_no_rebuild/update_summary_k10_l60_ratio0.010.txt
Curve saved to ./results/sift/update/shg_d_no_rebuild/update_curve_k10_l60_ratio0.010.csv
========== Done ==========
