========== Load data file ==========
Data dimension: 256
Data size: 1000000
Distance metric type: 0
========== Load query file ==========
Query dimension: 256
Query size: 1000
Distance metric type: 0
========== Build GTI ==========
MST_CONFIG: full_threshold=64 sample_size=64 balance_min_frac=0.100000 use_sampling=1 seed=42 medoid_k=64
MST attempts: 955020, used: 955017, fallbacks: 3
Time of index construction: 76.465233s
========== Update ==========
Update setting: ratio=0.005000, update_n=5000, chunk_size=500
========== Search GTI ==========
query->num: 100
Time of search: 0.001392s
Search recall: 0.958000
========== Search GTI ==========
query->num: 100
Time of search: 0.001363s
Search recall: 0.958000
========== Search GTI ==========
query->num: 100
Time of search: 0.001436s
Search recall: 0.958000
========== Search GTI ==========
query->num: 100
Time of search: 0.001351s
Search recall: 0.958000
========== Search GTI ==========
query->num: 100
Time of search: 0.001360s
Search recall: 0.957000
========== Search GTI ==========
query->num: 100
Time of search: 0.001352s
Search recall: 0.957000
========== Search GTI ==========
query->num: 100
Time of search: 0.001585s
Search recall: 0.957000
========== Search GTI ==========
query->num: 100
Time of search: 0.001351s
Search recall: 0.957000
========== Search GTI ==========
query->num: 100
Time of search: 0.001352s
Search recall: 0.957000
========== Search GTI ==========
query->num: 100
Time of search: 0.001347s
Search recall: 0.956000
Insert avg time: 0.002491s
========== Save results ==========
Results saved to ./results/split_compare/mst_param_tuning/deep/mst_sample_deep_2_run1/update/update_summary_k10_l60_ratio0.005.txt
Curve saved to ./results/split_compare/mst_param_tuning/deep/mst_sample_deep_2_run1/update/update_curve_k10_l60_ratio0.005.csv
========== Release memory ==========
