========== Load data file ==========
Data dimension: 960
Data size: 1000000
Distance metric type: 0
========== Load query file ==========
Query dimension: 960
Query size: 1000
Distance metric type: 0
========== Build GTI ==========
MST_CONFIG: full_threshold=32 sample_size=64 balance_min_frac=0.030000 use_sampling=1 seed=42 medoid_k=64
MST attempts: 941209, used: 940801, fallbacks: 408
Time of index construction: 243.727493s
========== Update ==========
Update setting: ratio=0.005000, update_n=5000, chunk_size=500
========== Search GTI ==========
query->num: 100
Time of search: 0.003061s
Search recall: 0.883000
========== Search GTI ==========
query->num: 100
Time of search: 0.002933s
Search recall: 0.881000
========== Search GTI ==========
query->num: 100
Time of search: 0.002926s
Search recall: 0.881000
========== Search GTI ==========
query->num: 100
Time of search: 0.002921s
Search recall: 0.880000
========== Search GTI ==========
query->num: 100
Time of search: 0.002929s
Search recall: 0.881000
========== Search GTI ==========
query->num: 100
Time of search: 0.002932s
Search recall: 0.881000
========== Search GTI ==========
query->num: 100
Time of search: 0.002908s
Search recall: 0.881000
========== Search GTI ==========
query->num: 100
Time of search: 0.002889s
Search recall: 0.881000
========== Search GTI ==========
query->num: 100
Time of search: 0.002891s
Search recall: 0.881000
========== Search GTI ==========
query->num: 100
Time of search: 0.002897s
Search recall: 0.881000
Insert avg time: 0.005013s
========== Save results ==========
Results saved to ./results/split_compare/mst_param_tuning/gist/mst_sample_gist_2_run2/update/update_summary_k10_l60_ratio0.005.txt
Curve saved to ./results/split_compare/mst_param_tuning/gist/mst_sample_gist_2_run2/update/update_curve_k10_l60_ratio0.005.csv
========== Release memory ==========
