========== Load data file ==========
Data dimension: 256
Data size: 1000000
Distance metric type: 0
========== Load query file ==========
Query dimension: 256
Query size: 1000
Distance metric type: 0
========== Build GTI ==========
Time of index construction: 73.6845s
========== Update ==========
Update setting: ratio=0.005, update_n=5000, chunk_size=500
========== Search GTI ==========
query->num: 100
Time of search: 0.00136421s
Search recall: 0.936
========== Search GTI ==========
query->num: 100
Time of search: 0.00136795s
Search recall: 0.936
========== Search GTI ==========
query->num: 100
Time of search: 0.00136256s
Search recall: 0.936
========== Search GTI ==========
query->num: 100
Time of search: 0.00136316s
Search recall: 0.936
========== Search GTI ==========
query->num: 100
Time of search: 0.00143157s
Search recall: 0.936
========== Search GTI ==========
query->num: 100
Time of search: 0.00135807s
Search recall: 0.936
========== Search GTI ==========
query->num: 100
Time of search: 0.00135843s
Search recall: 0.936
========== Search GTI ==========
query->num: 100
Time of search: 0.00136983s
Search recall: 0.936
========== Search GTI ==========
query->num: 100
Time of search: 0.00135628s
Search recall: 0.936
========== Search GTI ==========
query->num: 100
Time of search: 0.00135518s
Search recall: 0.935
Insert avg time: 0.00244038s
========== Save results ==========
Results saved to ./results/lsh_experiment/deep_ef5L_L4K4s4d16_run2/update/update_summary_k10_l60_ratio0.005.txt
Curve saved to ./results/lsh_experiment/deep_ef5L_L4K4s4d16_run2/update/update_curve_k10_l60_ratio0.005.csv
========== Release memory ==========
