========== Load data file ==========
Data dimension: 128
Data size: 1000000
Distance metric type: 0
========== Load query file ==========
Query dimension: 128
Query size: 10000
Distance metric type: 0
========== Build GTI ==========
Time of index construction: 159.124s
========== Update ==========
Update setting: ratio=0.01, update_n=10000, chunk_size=1000
========== Search GTI ==========
query->num: 100
Time of search: 0.000968922s
Search recall: 0.881
========== Search GTI ==========
query->num: 100
Time of search: 0.000967646s
Search recall: 0.881
========== Search GTI ==========
query->num: 100
Time of search: 0.000968166s
Search recall: 0.881
========== Search GTI ==========
query->num: 100
Time of search: 0.000970113s
Search recall: 0.881
========== Search GTI ==========
query->num: 100
Time of search: 0.00096793s
Search recall: 0.878
========== Search GTI ==========
query->num: 100
Time of search: 0.000966922s
Search recall: 0.869
========== Search GTI ==========
query->num: 100
Time of search: 0.000970413s
Search recall: 0.857
========== Search GTI ==========
query->num: 100
Time of search: 0.00096697s
Search recall: 0.852
========== Search GTI ==========
query->num: 100
Time of search: 0.000967004s
Search recall: 0.846
========== Search GTI ==========
query->num: 100
Time of search: 0.000970338s
Search recall: 0.846
Insert avg time: 0.000377203s
========== Chunked delete 10000 items (chunk=2000, rebuild_threshold=0, PATCH_DELETE_ONLY) ==========
  PatchDelete 2000 items (total 2000) ... total=3.17209s (graph_update=0.199003s, rebuild=0s)
========== Search GTI ==========
query->num: 100
Time of search: 0.00112959s
Search recall: 0.846
  PatchDelete 2000 items (total 4000) ... total=2.97418s (graph_update=0.194633s, rebuild=0s)
========== Search GTI ==========
query->num: 100
Time of search: 0.00112192s
Search recall: 0.846
  PatchDelete 2000 items (total 6000) ... total=2.90964s (graph_update=0.18636s, rebuild=0s)
========== Search GTI ==========
query->num: 100
Time of search: 0.00110789s
Search recall: 0.824
  PatchDelete 2000 items (total 8000) ... total=2.48408s (graph_update=0.180534s, rebuild=0s)
========== Search GTI ==========
query->num: 100
Time of search: 0.00109564s
Search recall: 0.808
  PatchDelete 2000 items (total 10000) ... total=2.66658s (graph_update=0.186934s, rebuild=0s)
========== Search GTI ==========
query->num: 100
Time of search: 0.0011s
Search recall: 0.797
Delete total time: 14.2066s, avg per item: 0.00142066s
========== Save results ==========
Results saved to ./results/sift/update/recall_sweep/efb100_em10/update_summary_k10_l60_ratio0.01.txt
Curve saved to ./results/sift/update/recall_sweep/efb100_em10/update_curve_k10_l60_ratio0.01.csv
========== Done ==========
