========== Load data file ==========
Data dimension: 960
Data size: 1000000
Distance metric type: 0
========== Load query file ==========
Query dimension: 960
Query size: 1000
Distance metric type: 0
========== Build GTI ==========
MST_CONFIG: full_threshold=32 sample_size=64 balance_min_frac=0.030000 use_sampling=1 seed=42 medoid_k=64
MST attempts: 941209, used: 940801, fallbacks: 408
Time of index construction: 241.358597s
========== Update ==========
Update setting: ratio=0.005000, update_n=5000, chunk_size=500
========== Search GTI ==========
query->num: 100
Time of search: 0.002867s
Search recall: 0.887000
========== Search GTI ==========
query->num: 100
Time of search: 0.002749s
Search recall: 0.889000
========== Search GTI ==========
query->num: 100
Time of search: 0.002726s
Search recall: 0.889000
========== Search GTI ==========
query->num: 100
Time of search: 0.002769s
Search recall: 0.889000
========== Search GTI ==========
query->num: 100
Time of search: 0.002740s
Search recall: 0.890000
========== Search GTI ==========
query->num: 100
Time of search: 0.002736s
Search recall: 0.890000
========== Search GTI ==========
query->num: 100
Time of search: 0.002747s
Search recall: 0.890000
========== Search GTI ==========
query->num: 100
Time of search: 0.002739s
Search recall: 0.890000
========== Search GTI ==========
query->num: 100
Time of search: 0.002729s
Search recall: 0.890000
========== Search GTI ==========
query->num: 100
Time of search: 0.002729s
Search recall: 0.890000
Insert avg time: 0.005053s
========== Save results ==========
Results saved to ./results/split_compare/mst_param_tuning/gist/mst_sample_gist_2_run1/update/update_summary_k10_l60_ratio0.005.txt
Curve saved to ./results/split_compare/mst_param_tuning/gist/mst_sample_gist_2_run1/update/update_curve_k10_l60_ratio0.005.csv
========== Release memory ==========
