========== Load data file ==========
Data dimension: 960
Data size: 1000000
Distance metric type: 0
========== Load query file ==========
Query dimension: 960
Query size: 1000
Distance metric type: 0
========== Build GTI ==========
MST_CONFIG: full_threshold=128 sample_size=128 balance_min_frac=0.050000 use_sampling=1 seed=42 medoid_k=64
MST attempts: 941209, used: 940801, fallbacks: 408
Time of index construction: 235.667648s
========== Update ==========
Update setting: ratio=0.005000, update_n=5000, chunk_size=500
========== Search GTI ==========
query->num: 100
Time of search: 0.002945s
Search recall: 0.892000
========== Search GTI ==========
query->num: 100
Time of search: 0.003200s
Search recall: 0.892000
========== Search GTI ==========
query->num: 100
Time of search: 0.002798s
Search recall: 0.891000
========== Search GTI ==========
query->num: 100
Time of search: 0.002846s
Search recall: 0.892000
========== Search GTI ==========
query->num: 100
Time of search: 0.003237s
Search recall: 0.892000
========== Search GTI ==========
query->num: 100
Time of search: 0.002805s
Search recall: 0.893000
========== Search GTI ==========
query->num: 100
Time of search: 0.002843s
Search recall: 0.894000
========== Search GTI ==========
query->num: 100
Time of search: 0.002859s
Search recall: 0.894000
========== Search GTI ==========
query->num: 100
Time of search: 0.002861s
Search recall: 0.894000
========== Search GTI ==========
query->num: 100
Time of search: 0.002786s
Search recall: 0.894000
Insert avg time: 0.005594s
========== Save results ==========
Results saved to ./results/split_compare/mst_param_tuning/gist/exp6_run2/update/update_summary_k10_l60_ratio0.005.txt
Curve saved to ./results/split_compare/mst_param_tuning/gist/exp6_run2/update/update_curve_k10_l60_ratio0.005.csv
========== Release memory ==========
