========== Load data file ==========
Data dimension: 256
Data size: 1000000
Distance metric type: 0
========== Load query file ==========
Query dimension: 256
Query size: 1000
Distance metric type: 0
========== Build GTI ==========
MST_CONFIG: full_threshold=64 sample_size=64 balance_min_frac=0.050000 use_sampling=1 seed=42 medoid_k=64
MST attempts: 955020, used: 955017, fallbacks: 3
Time of index construction: 78.838242s
========== Update ==========
Update setting: ratio=0.005000, update_n=5000, chunk_size=500
========== Search GTI ==========
query->num: 100
Time of search: 0.001458s
Search recall: 0.957000
========== Search GTI ==========
query->num: 100
Time of search: 0.001413s
Search recall: 0.957000
========== Search GTI ==========
query->num: 100
Time of search: 0.001373s
Search recall: 0.957000
========== Search GTI ==========
query->num: 100
Time of search: 0.001365s
Search recall: 0.957000
========== Search GTI ==========
query->num: 100
Time of search: 0.001489s
Search recall: 0.956000
========== Search GTI ==========
query->num: 100
Time of search: 0.001707s
Search recall: 0.956000
========== Search GTI ==========
query->num: 100
Time of search: 0.001407s
Search recall: 0.956000
========== Search GTI ==========
query->num: 100
Time of search: 0.001462s
Search recall: 0.956000
========== Search GTI ==========
query->num: 100
Time of search: 0.001370s
Search recall: 0.956000
========== Search GTI ==========
query->num: 100
Time of search: 0.001377s
Search recall: 0.955000
Insert avg time: 0.002663s
========== Save results ==========
Results saved to ./results/split_compare/mst_param_tuning/deep/exp4_run3/update/update_summary_k10_l60_ratio0.005.txt
Curve saved to ./results/split_compare/mst_param_tuning/deep/exp4_run3/update/update_curve_k10_l60_ratio0.005.csv
========== Release memory ==========
