========== Load data file ==========
Data dimension: 256
Data size: 1000000
Distance metric type: 0
========== Load query file ==========
Query dimension: 256
Query size: 1000
Distance metric type: 0
========== Build GTI ==========
MST_CONFIG: full_threshold=64 sample_size=96 balance_min_frac=0.050000 use_sampling=1 seed=42 medoid_k=64
MST attempts: 955020, used: 955017, fallbacks: 3
Time of index construction: 77.713470s
========== Update ==========
Update setting: ratio=0.005000, update_n=5000, chunk_size=500
========== Search GTI ==========
query->num: 100
Time of search: 0.001365s
Search recall: 0.958000
========== Search GTI ==========
query->num: 100
Time of search: 0.001344s
Search recall: 0.958000
========== Search GTI ==========
query->num: 100
Time of search: 0.001320s
Search recall: 0.958000
========== Search GTI ==========
query->num: 100
Time of search: 0.001315s
Search recall: 0.958000
========== Search GTI ==========
query->num: 100
Time of search: 0.001314s
Search recall: 0.956000
========== Search GTI ==========
query->num: 100
Time of search: 0.001428s
Search recall: 0.956000
========== Search GTI ==========
query->num: 100
Time of search: 0.001318s
Search recall: 0.956000
========== Search GTI ==========
query->num: 100
Time of search: 0.001318s
Search recall: 0.956000
========== Search GTI ==========
query->num: 100
Time of search: 0.001321s
Search recall: 0.956000
========== Search GTI ==========
query->num: 100
Time of search: 0.001489s
Search recall: 0.955000
Insert avg time: 0.002450s
========== Save results ==========
Results saved to ./results/split_compare/mst_param_tuning/deep/mst_sample_deep_1_run2/update/update_summary_k10_l60_ratio0.005.txt
Curve saved to ./results/split_compare/mst_param_tuning/deep/mst_sample_deep_1_run2/update/update_curve_k10_l60_ratio0.005.csv
========== Release memory ==========
