========== Load data file ==========
Data dimension: 960
Data size: 1000000
Distance metric type: 0
========== Load query file ==========
Query dimension: 960
Query size: 1000
Distance metric type: 0
========== Build GTI ==========
MST_CONFIG: full_threshold=300 sample_size=300 balance_min_frac=0.100000 use_sampling=0 seed=42 medoid_k=64
MST attempts: 941209, used: 940801, fallbacks: 408
Time of index construction: 238.695969s
========== Update ==========
Update setting: ratio=0.005000, update_n=5000, chunk_size=500
========== Search GTI ==========
query->num: 100
Time of search: 0.003195s
Search recall: 0.875000
========== Search GTI ==========
query->num: 100
Time of search: 0.004793s
Search recall: 0.874000
========== Search GTI ==========
query->num: 100
Time of search: 0.003159s
Search recall: 0.875000
========== Search GTI ==========
query->num: 100
Time of search: 0.003193s
Search recall: 0.875000
========== Search GTI ==========
query->num: 100
Time of search: 0.002825s
Search recall: 0.876000
========== Search GTI ==========
query->num: 100
Time of search: 0.002898s
Search recall: 0.876000
========== Search GTI ==========
query->num: 100
Time of search: 0.003174s
Search recall: 0.876000
========== Search GTI ==========
query->num: 100
Time of search: 0.002843s
Search recall: 0.876000
========== Search GTI ==========
query->num: 100
Time of search: 0.002863s
Search recall: 0.877000
========== Search GTI ==========
query->num: 100
Time of search: 0.002895s
Search recall: 0.877000
Insert avg time: 0.005488s
========== Save results ==========
Results saved to ./results/split_compare/mst_param_tuning/gist/mst_full_3_run2/update/update_summary_k10_l60_ratio0.005.txt
Curve saved to ./results/split_compare/mst_param_tuning/gist/mst_full_3_run2/update/update_curve_k10_l60_ratio0.005.csv
========== Release memory ==========
