========== Load data file ==========
Data dimension: 256
Data size: 1000000
Distance metric type: 0
========== Load query file ==========
Query dimension: 256
Query size: 1000
Distance metric type: 0
========== Build GTI ==========
Time of index construction: 73.0366s
========== Update ==========
Update setting: ratio=0.005, update_n=5000, chunk_size=500
========== Search GTI ==========
query->num: 100
Time of search: 0.00144243s
Search recall: 0.939
========== Search GTI ==========
query->num: 100
Time of search: 0.00139663s
Search recall: 0.938
========== Search GTI ==========
query->num: 100
Time of search: 0.00136755s
Search recall: 0.938
========== Search GTI ==========
query->num: 100
Time of search: 0.00196375s
Search recall: 0.938
========== Search GTI ==========
query->num: 100
Time of search: 0.00182282s
Search recall: 0.938
========== Search GTI ==========
query->num: 100
Time of search: 0.0014287s
Search recall: 0.938
========== Search GTI ==========
query->num: 100
Time of search: 0.00136559s
Search recall: 0.938
========== Search GTI ==========
query->num: 100
Time of search: 0.0016304s
Search recall: 0.938
========== Search GTI ==========
query->num: 100
Time of search: 0.00141208s
Search recall: 0.937
========== Search GTI ==========
query->num: 100
Time of search: 0.00135272s
Search recall: 0.936
Insert avg time: 0.00254705s
========== Save results ==========
Results saved to ./results/split_compare/mst_param_tuning/deep/baseline_run3/update/update_summary_k10_l60_ratio0.005.txt
Curve saved to ./results/split_compare/mst_param_tuning/deep/baseline_run3/update/update_curve_k10_l60_ratio0.005.csv
========== Release memory ==========
