========== Load data file ==========
Data dimension: 128
Data size: 1000000
Distance metric type: 0
========== Load query file ==========
Query dimension: 128
Query size: 10000
Distance metric type: 0
========== Build GTI ==========
Graph M: 16
Time of index construction: 242.173s
========== Update ==========
Search L: 60
Update setting: ratio=0.01, update_n=10000, chunk_size=1000
========== Search GTI ==========
query->num: 100
Time of search: 0.000575587s
Search recall: 0.881
========== Search GTI ==========
query->num: 100
Time of search: 0.000564388s
Search recall: 0.881
========== Search GTI ==========
query->num: 100
Time of search: 0.000571769s
Search recall: 0.881
========== Search GTI ==========
query->num: 100
Time of search: 0.000566638s
Search recall: 0.881
========== Search GTI ==========
query->num: 100
Time of search: 0.000569538s
Search recall: 0.878
========== Search GTI ==========
query->num: 100
Time of search: 0.000573605s
Search recall: 0.869
========== Search GTI ==========
query->num: 100
Time of search: 0.000580153s
Search recall: 0.857
========== Search GTI ==========
query->num: 100
Time of search: 0.000574047s
Search recall: 0.852
========== Search GTI ==========
query->num: 100
Time of search: 0.000562537s
Search recall: 0.846
========== Search GTI ==========
query->num: 100
Time of search: 0.000562295s
Search recall: 0.846
Insert avg time: 0.000509543s
========== Chunked delete 10000 items (chunk=2000, rebuild_threshold=0, PATCH_DELETE_ONLY) ==========
  PatchDelete 2000 items (total 2000) ... total=5.48793s (graph_update=1.22594s, rebuild=0s)
========== Search GTI ==========
query->num: 100
Time of search: 0.000644991s
Search recall: 0.846
  PatchDelete 2000 items (total 4000) ... total=5.20149s (graph_update=1.18041s, rebuild=0s)
========== Search GTI ==========
query->num: 100
Time of search: 0.00064422s
Search recall: 0.846
  PatchDelete 2000 items (total 6000) ... total=5.23363s (graph_update=0.96603s, rebuild=0s)
========== Search GTI ==========
query->num: 100
Time of search: 0.000631526s
Search recall: 0.824
  PatchDelete 2000 items (total 8000) ... total=4.03489s (graph_update=0.858209s, rebuild=0s)
========== Search GTI ==========
query->num: 100
Time of search: 0.000605912s
Search recall: 0.808
  PatchDelete 2000 items (total 10000) ... total=4.43332s (graph_update=0.932927s, rebuild=0s)
========== Search GTI ==========
query->num: 100
Time of search: 0.000610728s
Search recall: 0.797
Delete total time: 24.3913s, avg per item: 0.00243913s
========== Save results ==========
Results saved to ./results/sift/update/wolverine_mode2_quality/update_summary_k10_l60_ratio0.010.txt
Curve saved to ./results/sift/update/wolverine_mode2_quality/update_curve_k10_l60_ratio0.010.csv
========== Done ==========
