========== Load data file ==========
Data dimension: 256
Data size: 1000000
Distance metric type: 0
========== Load query file ==========
Query dimension: 256
Query size: 1000
Distance metric type: 0
========== Build GTI ==========
MST_CONFIG: full_threshold=32 sample_size=64 balance_min_frac=0.100000 use_sampling=1 seed=42 medoid_k=64
MST attempts: 955020, used: 955017, fallbacks: 3
Time of index construction: 81.472054s
========== Update ==========
Update setting: ratio=0.005000, update_n=5000, chunk_size=500
========== Search GTI ==========
query->num: 100
Time of search: 0.001997s
Search recall: 0.951000
========== Search GTI ==========
query->num: 100
Time of search: 0.001577s
Search recall: 0.951000
========== Search GTI ==========
query->num: 100
Time of search: 0.001549s
Search recall: 0.951000
========== Search GTI ==========
query->num: 100
Time of search: 0.001567s
Search recall: 0.951000
========== Search GTI ==========
query->num: 100
Time of search: 0.002409s
Search recall: 0.950000
========== Search GTI ==========
query->num: 100
Time of search: 0.001932s
Search recall: 0.950000
========== Search GTI ==========
query->num: 100
Time of search: 0.001476s
Search recall: 0.951000
========== Search GTI ==========
query->num: 100
Time of search: 0.002171s
Search recall: 0.950000
========== Search GTI ==========
query->num: 100
Time of search: 0.002012s
Search recall: 0.950000
========== Search GTI ==========
query->num: 100
Time of search: 0.001836s
Search recall: 0.949000
Insert avg time: 0.002966s
========== Save results ==========
Results saved to ./results/split_compare/mst_param_tuning/deep/exp8_run3/update/update_summary_k10_l60_ratio0.005.txt
Curve saved to ./results/split_compare/mst_param_tuning/deep/exp8_run3/update/update_curve_k10_l60_ratio0.005.csv
========== Release memory ==========
