========== Load data file ==========
Data dimension: 960
Data size: 1000000
Distance metric type: 0
========== Load query file ==========
Query dimension: 960
Query size: 1000
Distance metric type: 0
========== Build GTI ==========
Time of index construction: 234.318s
========== Update ==========
Update setting: ratio=0.01, update_n=10000, chunk_size=1000
========== Search GTI ==========
query->num: 100
Time of search: 0.00364594s
Search recall: 0.866
========== Search GTI ==========
query->num: 100
Time of search: 0.00288711s
Search recall: 0.866
========== Search GTI ==========
query->num: 100
Time of search: 0.00341055s
Search recall: 0.868
========== Search GTI ==========
query->num: 100
Time of search: 0.00355469s
Search recall: 0.867
========== Search GTI ==========
query->num: 100
Time of search: 0.00290446s
Search recall: 0.868
========== Search GTI ==========
query->num: 100
Time of search: 0.0029371s
Search recall: 0.867
========== Search GTI ==========
query->num: 100
Time of search: 0.00290472s
Search recall: 0.866
========== Search GTI ==========
query->num: 100
Time of search: 0.00289563s
Search recall: 0.866
========== Search GTI ==========
query->num: 100
Time of search: 0.00284117s
Search recall: 0.867
========== Search GTI ==========
query->num: 100
Time of search: 0.00282424s
Search recall: 0.867
Insert avg time: 0.00279375s
========== Chunked delete 300 items (RANDOM oids, chunk=100, rebuild_threshold=500) ==========
  Lazy delete 100 (total 100) ... 2.7172e-05s
========== Search GTI ==========
query->num: 100
Time of search: 0.00280229s
Search recall: 0.867
  Lazy delete 100 (total 200) ... 3.2416e-05s
========== Search GTI ==========
query->num: 100
Time of search: 0.0029032s
Search recall: 0.866
  Lazy delete 100 (total 300) ... 2.5151e-05s
========== Search GTI ==========
query->num: 100
Time of search: 0.0028419s
Search recall: 0.866
  Final rebuild 300 items ... 