========== Load data file ==========
Data dimension: 256
Data size: 1000000
Distance metric type: 0
========== Load query file ==========
Query dimension: 256
Query size: 1000
Distance metric type: 0
========== Build GTI ==========
MST_CONFIG: full_threshold=64 sample_size=128 balance_min_frac=0.050000 use_sampling=1 seed=42 medoid_k=64
MST attempts: 955020, used: 955017, fallbacks: 3
Time of index construction: 77.770065s
========== Update ==========
Update setting: ratio=0.005000, update_n=5000, chunk_size=500
========== Search GTI ==========
query->num: 100
Time of search: 0.001837s
Search recall: 0.960000
========== Search GTI ==========
query->num: 100
Time of search: 0.001371s
Search recall: 0.960000
========== Search GTI ==========
query->num: 100
Time of search: 0.001330s
Search recall: 0.960000
========== Search GTI ==========
query->num: 100
Time of search: 0.001332s
Search recall: 0.960000
========== Search GTI ==========
query->num: 100
Time of search: 0.001674s
Search recall: 0.959000
========== Search GTI ==========
query->num: 100
Time of search: 0.001548s
Search recall: 0.959000
========== Search GTI ==========
query->num: 100
Time of search: 0.001926s
Search recall: 0.959000
========== Search GTI ==========
query->num: 100
Time of search: 0.001350s
Search recall: 0.959000
========== Search GTI ==========
query->num: 100
Time of search: 0.002013s
Search recall: 0.959000
========== Search GTI ==========
query->num: 100
Time of search: 0.002323s
Search recall: 0.958000
Insert avg time: 0.002702s
========== Save results ==========
Results saved to ./results/split_compare/mst_param_tuning/deep/exp5_run3/update/update_summary_k10_l60_ratio0.005.txt
Curve saved to ./results/split_compare/mst_param_tuning/deep/exp5_run3/update/update_curve_k10_l60_ratio0.005.csv
========== Release memory ==========
