========== Load data file ==========
Data dimension: 960
Data size: 1000000
Distance metric type: 0
========== Load query file ==========
Query dimension: 960
Query size: 1000
Distance metric type: 0
========== Build GTI ==========
MST_CONFIG: full_threshold=64 sample_size=64 balance_min_frac=0.100000 use_sampling=1 seed=42 medoid_k=64
MST attempts: 941209, used: 940801, fallbacks: 408
Time of index construction: 241.660645s
========== Update ==========
Update setting: ratio=0.005000, update_n=5000, chunk_size=500
========== Search GTI ==========
query->num: 100
Time of search: 0.002882s
Search recall: 0.896000
========== Search GTI ==========
query->num: 100
Time of search: 0.002777s
Search recall: 0.895000
========== Search GTI ==========
query->num: 100
Time of search: 0.002751s
Search recall: 0.895000
========== Search GTI ==========
query->num: 100
Time of search: 0.002772s
Search recall: 0.895000
========== Search GTI ==========
query->num: 100
Time of search: 0.002776s
Search recall: 0.895000
========== Search GTI ==========
query->num: 100
Time of search: 0.002774s
Search recall: 0.895000
========== Search GTI ==========
query->num: 100
Time of search: 0.002772s
Search recall: 0.894000
========== Search GTI ==========
query->num: 100
Time of search: 0.002786s
Search recall: 0.894000
========== Search GTI ==========
query->num: 100
Time of search: 0.002787s
Search recall: 0.894000
========== Search GTI ==========
query->num: 100
Time of search: 0.002768s
Search recall: 0.894000
Insert avg time: 0.004911s
========== Save results ==========
Results saved to ./results/split_compare/mst_param_tuning/gist/mst_sample_gist_4_run3/update/update_summary_k10_l60_ratio0.005.txt
Curve saved to ./results/split_compare/mst_param_tuning/gist/mst_sample_gist_4_run3/update/update_curve_k10_l60_ratio0.005.csv
========== Release memory ==========
