========== Load data file ==========
Data dimension: 960
Data size: 1000000
Distance metric type: 0
========== Load query file ==========
Query dimension: 960
Query size: 1000
Distance metric type: 0
========== Build GTI ==========
MST_CONFIG: full_threshold=64 sample_size=64 balance_min_frac=0.100000 use_sampling=1 seed=42 medoid_k=64
MST attempts: 941209, used: 940801, fallbacks: 408
Time of index construction: 237.812775s
========== Update ==========
Update setting: ratio=0.005000, update_n=5000, chunk_size=500
========== Search GTI ==========
query->num: 100
Time of search: 0.002839s
Search recall: 0.874000
========== Search GTI ==========
query->num: 100
Time of search: 0.002791s
Search recall: 0.874000
========== Search GTI ==========
query->num: 100
Time of search: 0.002765s
Search recall: 0.874000
========== Search GTI ==========
query->num: 100
Time of search: 0.002758s
Search recall: 0.873000
========== Search GTI ==========
query->num: 100
Time of search: 0.003103s
Search recall: 0.873000
========== Search GTI ==========
query->num: 100
Time of search: 0.002687s
Search recall: 0.873000
========== Search GTI ==========
query->num: 100
Time of search: 0.002725s
Search recall: 0.873000
========== Search GTI ==========
query->num: 100
Time of search: 0.002753s
Search recall: 0.873000
========== Search GTI ==========
query->num: 100
Time of search: 0.003046s
Search recall: 0.871000
========== Search GTI ==========
query->num: 100
Time of search: 0.002775s
Search recall: 0.871000
Insert avg time: 0.005330s
========== Save results ==========
Results saved to ./results/split_compare/mst_param_tuning/gist/mst_sample_gist_4_run2/update/update_summary_k10_l60_ratio0.005.txt
Curve saved to ./results/split_compare/mst_param_tuning/gist/mst_sample_gist_4_run2/update/update_curve_k10_l60_ratio0.005.csv
========== Release memory ==========
