========== Load data file ==========
Data dimension: 256
Data size: 1000000
Distance metric type: 0
========== Load query file ==========
Query dimension: 256
Query size: 1000
Distance metric type: 0
========== Build GTI ==========
Graph M: 16
[?12l[?25hTime of index construction: 66.1028s
========== Update ==========
Search L: 60
Update setting: ratio=0.001, update_n=1000, chunk_size=100
========== Search GTI ==========
query->num: 100
Time of search: 0.00140662s
Search recall: 0.942
========== Search GTI ==========
query->num: 100
Time of search: 0.0013882s
Search recall: 0.941
========== Search GTI ==========
query->num: 100
Time of search: 0.00134s
Search recall: 0.941
========== Search GTI ==========
query->num: 100
Time of search: 0.00134261s
Search recall: 0.941
========== Search GTI ==========
query->num: 100
Time of search: 0.00136154s
Search recall: 0.94
========== Search GTI ==========
query->num: 100
Time of search: 0.00136864s
Search recall: 0.94
========== Search GTI ==========
query->num: 100
Time of search: 0.00135137s
Search recall: 0.94
========== Search GTI ==========
query->num: 100
Time of search: 0.00134513s
Search recall: 0.94
========== Search GTI ==========
query->num: 100
Time of search: 0.00136581s
Search recall: 0.94
========== Search GTI ==========
query->num: 100
Time of search: 0.00136822s
Search recall: 0.94
Insert avg time: 0.0116776s
========== Chunked delete 1000 items (chunk=1000, rebuild_threshold=500) ==========
  Rebuild 1000 items (total 1000) ... enterpoint
total=543.289s (graph_update=541.035s, rebuild=1.02688s)
========== Search GTI ==========
query->num: 100
Time of search: 0.00136338s
Search recall: 0.941
Delete total time: 543.289s, avg per item: 0.543289s
========== Save results ==========
Results saved to ./results/deep/update/direct/update_summary_k10_l60_ratio0.001.txt
Curve saved to ./results/deep/update/direct/update_curve_k10_l60_ratio0.001.csv
========== Done ==========
