========== Load data file ==========
Data dimension: 128
Data size: 1000000
Distance metric type: 0
========== Load query file ==========
Query dimension: 128
Query size: 10000
Distance metric type: 0
========== Build GTI ==========
[?12l[?25hTime of index construction: 161.926s
========== Update ==========
Update setting: ratio=0.01, update_n=10000, chunk_size=1000
========== Search GTI ==========
query->num: 100
Time of search: 0.000565236s
Search recall: 0.88
========== Search GTI ==========
query->num: 100
Time of search: 0.000576346s
Search recall: 0.88
========== Search GTI ==========
query->num: 100
Time of search: 0.000563349s
Search recall: 0.88
========== Search GTI ==========
query->num: 100
Time of search: 0.000564072s
Search recall: 0.88
========== Search GTI ==========
query->num: 100
Time of search: 0.000574354s
Search recall: 0.877
========== Search GTI ==========
query->num: 100
Time of search: 0.000564317s
Search recall: 0.868
========== Search GTI ==========
query->num: 100
Time of search: 0.000559819s
Search recall: 0.856
========== Search GTI ==========
query->num: 100
Time of search: 0.000559762s
Search recall: 0.851
========== Search GTI ==========
query->num: 100
Time of search: 0.000562908s
Search recall: 0.845
========== Search GTI ==========
query->num: 100
Time of search: 0.000560154s
Search recall: 0.845
Insert avg time: 0.000390047s
========== Chunked delete 10000 items (chunk=2000, rebuild_threshold=0, PATCH_DELETE_ONLY) ==========
  PatchDelete 2000 items (total 2000) ... total=2.33599s (graph_update=0.193162s, rebuild=0s)
========== Search GTI ==========
query->num: 100
Time of search: 0.000670316s
Search recall: 0.845
  PatchDelete 2000 items (total 4000) ... total=2.1738s (graph_update=0.190537s, rebuild=0s)
========== Search GTI ==========
query->num: 100
Time of search: 0.000663725s
Search recall: 0.845
  PatchDelete 2000 items (total 6000) ... total=2.21298s (graph_update=0.183904s, rebuild=0s)
========== Search GTI ==========
query->num: 100
Time of search: 0.000665319s
Search recall: 0.823
  PatchDelete 2000 items (total 8000) ... total=1.86254s (graph_update=0.183416s, rebuild=0s)
========== Search GTI ==========
query->num: 100
Time of search: 0.000647146s
Search recall: 0.807
  PatchDelete 2000 items (total 10000) ... total=1.97533s (graph_update=0.184536s, rebuild=0s)
========== Search GTI ==========
query->num: 100
Time of search: 0.000646785s
Search recall: 0.796
Delete total time: 10.5606s, avg per item: 0.00105606s
========== Save results ==========
Results saved to ./results/sift/update_patch_only/update_summary_k10_l60_ratio0.01.txt
Curve saved to ./results/sift/update_patch_only/update_curve_k10_l60_ratio0.01.csv
========== Done ==========
