========== Load data file ==========
Data dimension: 256
Data size: 1000000
Distance metric type: 0
========== Load query file ==========
Query dimension: 256
Query size: 1000
Distance metric type: 0
========== Build GTI ==========
Time of index construction: 72.3924s
========== Update ==========
Update setting: ratio=0.005, update_n=5000, chunk_size=500
========== Search GTI ==========
query->num: 100
Time of search: 0.00211333s
Search recall: 0.938
========== Search GTI ==========
query->num: 100
Time of search: 0.00224178s
Search recall: 0.937
========== Search GTI ==========
query->num: 100
Time of search: 0.00139433s
Search recall: 0.937
========== Search GTI ==========
query->num: 100
Time of search: 0.00172424s
Search recall: 0.937
========== Search GTI ==========
query->num: 100
Time of search: 0.00138625s
Search recall: 0.937
========== Search GTI ==========
query->num: 100
Time of search: 0.00146387s
Search recall: 0.937
========== Search GTI ==========
query->num: 100
Time of search: 0.0014684s
Search recall: 0.937
========== Search GTI ==========
query->num: 100
Time of search: 0.00162717s
Search recall: 0.937
========== Search GTI ==========
query->num: 100
Time of search: 0.00143579s
Search recall: 0.937
========== Search GTI ==========
query->num: 100
Time of search: 0.00140491s
Search recall: 0.936
Insert avg time: 0.00273554s
========== Save results ==========
Results saved to ./results/lsh_experiment/baseline_run2/update/update_summary_k10_l60_ratio0.005.txt
Curve saved to ./results/lsh_experiment/baseline_run2/update/update_curve_k10_l60_ratio0.005.csv
========== Release memory ==========
