========== Load data file ==========
Data dimension: 960
Data size: 1000000
Distance metric type: 0
========== Load query file ==========
Query dimension: 960
Query size: 1000
Distance metric type: 0
========== Build GTI ==========
MST_CONFIG: full_threshold=48 sample_size=64 balance_min_frac=0.050000 use_sampling=1 seed=42 medoid_k=64
MST attempts: 941209, used: 940801, fallbacks: 408
Time of index construction: 239.479919s
========== Update ==========
Update setting: ratio=0.005000, update_n=5000, chunk_size=500
========== Search GTI ==========
query->num: 100
Time of search: 0.003126s
Search recall: 0.885000
========== Search GTI ==========
query->num: 100
Time of search: 0.003326s
Search recall: 0.884000
========== Search GTI ==========
query->num: 100
Time of search: 0.004635s
Search recall: 0.885000
========== Search GTI ==========
query->num: 100
Time of search: 0.002991s
Search recall: 0.884000
========== Search GTI ==========
query->num: 100
Time of search: 0.003050s
Search recall: 0.885000
========== Search GTI ==========
query->num: 100
Time of search: 0.003016s
Search recall: 0.885000
========== Search GTI ==========
query->num: 100
Time of search: 0.003330s
Search recall: 0.885000
========== Search GTI ==========
query->num: 100
Time of search: 0.002992s
Search recall: 0.885000
========== Search GTI ==========
query->num: 100
Time of search: 0.002985s
Search recall: 0.884000
========== Search GTI ==========
query->num: 100
Time of search: 0.003531s
Search recall: 0.885000
Insert avg time: 0.005567s
========== Save results ==========
Results saved to ./results/split_compare/mst_param_tuning/gist/mst_sample_gist_3_run3/update/update_summary_k10_l60_ratio0.005.txt
Curve saved to ./results/split_compare/mst_param_tuning/gist/mst_sample_gist_3_run3/update/update_curve_k10_l60_ratio0.005.csv
========== Release memory ==========
