========== 动态更新实验: sift | 策略: wolverine ==========
  BASE: ./Datasets/sift/sift/sift_base.fvecs
  RESULT: ./results/sift/update/wolverine/

========== Load data file ==========
Data dimension: 128
Data size: 1000000
Distance metric type: 0
========== Load query file ==========
Query dimension: 128
Query size: 10000
Distance metric type: 0
========== Build GTI ==========
Graph M: 16
Time of index construction: 340.905s
========== Update ==========
Search L: 60
Update setting: ratio=0.01, update_n=10000, chunk_size=1000
========== Search GTI ==========
query->num: 100
Time of search: 0.000618864s
Search recall: 0.881
========== Search GTI ==========
query->num: 100
Time of search: 0.000591417s
Search recall: 0.881
========== Search GTI ==========
query->num: 100
Time of search: 0.000586056s
Search recall: 0.881
========== Search GTI ==========
query->num: 100
Time of search: 0.000582158s
Search recall: 0.881
========== Search GTI ==========
query->num: 100
Time of search: 0.000583105s
Search recall: 0.878
========== Search GTI ==========
query->num: 100
Time of search: 0.000585847s
Search recall: 0.869
========== Search GTI ==========
query->num: 100
Time of search: 0.000582542s
Search recall: 0.857
========== Search GTI ==========
query->num: 100
Time of search: 0.00058044s
Search recall: 0.852
========== Search GTI ==========
query->num: 100
Time of search: 0.00058121s
Search recall: 0.846
========== Search GTI ==========
query->num: 100
Time of search: 0.000581311s
Search recall: 0.846
Insert avg time: 0.000534554s
========== Chunked delete 10000 items (chunk=2000, rebuild_threshold=0, PATCH_DELETE_ONLY) ==========
  PatchDelete 2000 items (total 2000) ... total=2.32775s (graph_update=0.209384s, rebuild=0s)
========== Search GTI ==========
query->num: 100
Time of search: 0.000701494s
Search recall: 0.846
  PatchDelete 2000 items (total 4000) ... total=2.15609s (graph_update=0.197409s, rebuild=0s)
========== Search GTI ==========
query->num: 100
Time of search: 0.000693008s
Search recall: 0.846
  PatchDelete 2000 items (total 6000) ... total=2.1969s (graph_update=0.186599s, rebuild=0s)
========== Search GTI ==========
query->num: 100
Time of search: 0.000676773s
Search recall: 0.824
  PatchDelete 2000 items (total 8000) ... total=1.855s (graph_update=0.189533s, rebuild=0s)
========== Search GTI ==========
query->num: 100
Time of search: 0.000678817s
Search recall: 0.808
  PatchDelete 2000 items (total 10000) ... total=1.96682s (graph_update=0.191161s, rebuild=0s)
========== Search GTI ==========
query->num: 100
Time of search: 0.000670439s
Search recall: 0.797
Delete total time: 10.5026s, avg per item: 0.00105026s
========== Save results ==========
Results saved to ./results/sift/update/wolverine/update_summary_k10_l60_ratio0.01.txt
Curve saved to ./results/sift/update/wolverine/update_curve_k10_l60_ratio0.01.csv
========== Done ==========

输出: ./results/sift/update/wolverine/update_curve_k10_l60_ratio0.01.csv
     ./results/sift/update/wolverine/update_summary_k10_l60_ratio0.01.txt
