========== Load data file ==========
Data dimension: 128
Data size: 1000000
Distance metric type: 0
========== Load query file ==========
Query dimension: 128
Query size: 10000
Distance metric type: 0
========== Build GTI ==========
Time of index construction: 235.882s
========== Update ==========
Update setting: ratio=0.01, update_n=10000, chunk_size=1000
========== Search GTI ==========
query->num: 100
Time of search: 0.000558727s
Search recall: 0.881
========== Search GTI ==========
query->num: 100
Time of search: 0.000557122s
Search recall: 0.881
========== Search GTI ==========
query->num: 100
Time of search: 0.000559812s
Search recall: 0.881
========== Search GTI ==========
query->num: 100
Time of search: 0.000559142s
Search recall: 0.881
========== Search GTI ==========
query->num: 100
Time of search: 0.000561414s
Search recall: 0.878
========== Search GTI ==========
query->num: 100
Time of search: 0.00055836s
Search recall: 0.869
========== Search GTI ==========
query->num: 100
Time of search: 0.000554201s
Search recall: 0.857
========== Search GTI ==========
query->num: 100
Time of search: 0.000555023s
Search recall: 0.852
========== Search GTI ==========
query->num: 100
Time of search: 0.000558319s
Search recall: 0.846
========== Search GTI ==========
query->num: 100
Time of search: 0.000555951s
Search recall: 0.846
Insert avg time: 0.00049736s
========== Chunked delete 10000 items (chunk=2000, rebuild_threshold=0, PATCH_DELETE_ONLY) ==========
  PatchDelete 2000 items (total 2000) ... total=2.26308s (graph_update=0.215676s, rebuild=0s)
========== Search GTI ==========
query->num: 100
Time of search: 0.000682461s
Search recall: 0.846
  PatchDelete 2000 items (total 4000) ... total=2.12037s (graph_update=0.213733s, rebuild=0s)
========== Search GTI ==========
query->num: 100
Time of search: 0.00067037s
Search recall: 0.846
  PatchDelete 2000 items (total 6000) ... total=2.19693s (graph_update=0.204595s, rebuild=0s)
========== Search GTI ==========
query->num: 100
Time of search: 0.00066765s
Search recall: 0.824
  PatchDelete 2000 items (total 8000) ... total=1.80935s (graph_update=0.201493s, rebuild=0s)
========== Search GTI ==========
query->num: 100
Time of search: 0.00065019s
Search recall: 0.808
  PatchDelete 2000 items (total 10000) ... total=1.92266s (graph_update=0.203152s, rebuild=0s)
========== Search GTI ==========
query->num: 100
Time of search: 0.000651762s
Search recall: 0.797
Delete total time: 10.3124s, avg per item: 0.00103124s
========== Save results ==========
Results saved to ./results/sift/update/recall_sweep/efb160_em5/update_summary_k10_l60_ratio0.01.txt
Curve saved to ./results/sift/update/recall_sweep/efb160_em5/update_curve_k10_l60_ratio0.01.csv
========== Done ==========
