========== Load data file ==========
Data dimension: 960
Data size: 1000000
Distance metric type: 0
========== Load query file ==========
Query dimension: 960
Query size: 1000
Distance metric type: 0
========== Build GTI ==========
MST_CONFIG: full_threshold=300 sample_size=300 balance_min_frac=0.100000 use_sampling=0 seed=42 medoid_k=64
MST attempts: 941209, used: 940801, fallbacks: 408
Time of index construction: 242.316742s
========== Update ==========
Update setting: ratio=0.005000, update_n=5000, chunk_size=500
========== Search GTI ==========
query->num: 100
Time of search: 0.003158s
Search recall: 0.891000
========== Search GTI ==========
query->num: 100
Time of search: 0.003022s
Search recall: 0.891000
========== Search GTI ==========
query->num: 100
Time of search: 0.003048s
Search recall: 0.891000
========== Search GTI ==========
query->num: 100
Time of search: 0.003088s
Search recall: 0.889000
========== Search GTI ==========
query->num: 100
Time of search: 0.002971s
Search recall: 0.890000
========== Search GTI ==========
query->num: 100
Time of search: 0.002829s
Search recall: 0.890000
========== Search GTI ==========
query->num: 100
Time of search: 0.002817s
Search recall: 0.889000
========== Search GTI ==========
query->num: 100
Time of search: 0.002817s
Search recall: 0.889000
========== Search GTI ==========
query->num: 100
Time of search: 0.002798s
Search recall: 0.889000
========== Search GTI ==========
query->num: 100
Time of search: 0.002824s
Search recall: 0.889000
Insert avg time: 0.005052s
========== Save results ==========
Results saved to ./results/split_compare/mst_param_tuning/gist/mst_full_3_run1/update/update_summary_k10_l60_ratio0.005.txt
Curve saved to ./results/split_compare/mst_param_tuning/gist/mst_full_3_run1/update/update_curve_k10_l60_ratio0.005.csv
========== Release memory ==========
