========== Load data file ==========
Data dimension: 128
Data size: 1000000
Distance metric type: 0
========== Load query file ==========
Query dimension: 128
Query size: 10000
Distance metric type: 0
========== Build GTI ==========
MST_CONFIG: full_threshold=64 sample_size=128 balance_min_frac=0.050000 use_sampling=1 seed=42 medoid_k=64
MST attempts: 900231, used: 900231, fallbacks: 0
Time of index construction: 39.641933s
========== Update ==========
Update setting: ratio=0.005000, update_n=5000, chunk_size=500
========== Search GTI ==========
query->num: 100
Time of search: 0.001000s
Search recall: 0.982000
========== Search GTI ==========
query->num: 100
Time of search: 0.000940s
Search recall: 0.982000
========== Search GTI ==========
query->num: 100
Time of search: 0.001199s
Search recall: 0.982000
========== Search GTI ==========
query->num: 100
Time of search: 0.001067s
Search recall: 0.982000
========== Search GTI ==========
query->num: 100
Time of search: 0.000970s
Search recall: 0.982000
========== Search GTI ==========
query->num: 100
Time of search: 0.001228s
Search recall: 0.982000
========== Search GTI ==========
query->num: 100
Time of search: 0.000934s
Search recall: 0.982000
========== Search GTI ==========
query->num: 100
Time of search: 0.000927s
Search recall: 0.982000
========== Search GTI ==========
query->num: 100
Time of search: 0.000931s
Search recall: 0.980000
========== Search GTI ==========
query->num: 100
Time of search: 0.000937s
Search recall: 0.969000
Insert avg time: 0.001694s
========== Save results ==========
Results saved to ./results/split_compare/mst_param_tuning/sift/exp5_run3/update/update_summary_k10_l60_ratio0.005.txt
Curve saved to ./results/split_compare/mst_param_tuning/sift/exp5_run3/update/update_curve_k10_l60_ratio0.005.csv
========== Release memory ==========
