========== Load data file ==========
Data dimension: 256
Data size: 1000000
Distance metric type: 0
========== Load query file ==========
Query dimension: 256
Query size: 1000
Distance metric type: 0
========== Build GTI ==========
Time of index construction: 74.6102s
========== Update ==========
Update setting: ratio=0.005, update_n=5000, chunk_size=500
========== Search GTI ==========
query->num: 100
Time of search: 0.00189182s
Search recall: 0.937
========== Search GTI ==========
query->num: 100
Time of search: 0.00142315s
Search recall: 0.937
========== Search GTI ==========
query->num: 100
Time of search: 0.00138667s
Search recall: 0.936
========== Search GTI ==========
query->num: 100
Time of search: 0.00174605s
Search recall: 0.937
========== Search GTI ==========
query->num: 100
Time of search: 0.00139722s
Search recall: 0.937
========== Search GTI ==========
query->num: 100
Time of search: 0.00138301s
Search recall: 0.937
========== Search GTI ==========
query->num: 100
Time of search: 0.00139406s
Search recall: 0.937
========== Search GTI ==========
query->num: 100
Time of search: 0.00139306s
Search recall: 0.937
========== Search GTI ==========
query->num: 100
Time of search: 0.001386s
Search recall: 0.936
========== Search GTI ==========
query->num: 100
Time of search: 0.00141183s
Search recall: 0.935
Insert avg time: 0.00247626s
========== Save results ==========
Results saved to ./results/lsh_experiment/deep_baseline_run1/update/update_summary_k10_l60_ratio0.005.txt
Curve saved to ./results/lsh_experiment/deep_baseline_run1/update/update_curve_k10_l60_ratio0.005.csv
========== Release memory ==========
