========== Load data file ==========
Data dimension: 960
Data size: 1000000
Distance metric type: 0
========== Load query file ==========
Query dimension: 960
Query size: 1000
Distance metric type: 0
========== Build GTI ==========
Time of index construction: 245.781s
========== Update ==========
Update setting: ratio=0.005, update_n=5000, chunk_size=500
========== Search GTI ==========
query->num: 100
Time of search: 0.00410764s
Search recall: 0.89
========== Search GTI ==========
query->num: 100
Time of search: 0.00440171s
Search recall: 0.889
========== Search GTI ==========
query->num: 100
Time of search: 0.00307765s
Search recall: 0.888
========== Search GTI ==========
query->num: 100
Time of search: 0.00373586s
Search recall: 0.888
========== Search GTI ==========
query->num: 100
Time of search: 0.00316689s
Search recall: 0.888
========== Search GTI ==========
query->num: 100
Time of search: 0.00338221s
Search recall: 0.887
========== Search GTI ==========
query->num: 100
Time of search: 0.00555146s
Search recall: 0.887
========== Search GTI ==========
query->num: 100
Time of search: 0.00343659s
Search recall: 0.887
========== Search GTI ==========
query->num: 100
Time of search: 0.00611781s
Search recall: 0.888
========== Search GTI ==========
query->num: 100
Time of search: 0.00318323s
Search recall: 0.887
Insert avg time: 0.00598446s
========== Save results ==========
Results saved to ./results/split_compare/mst_param_tuning/gist/baseline_run3/update/update_summary_k10_l60_ratio0.005.txt
Curve saved to ./results/split_compare/mst_param_tuning/gist/baseline_run3/update/update_curve_k10_l60_ratio0.005.csv
========== Release memory ==========
