========== Load data file ==========
Data dimension: 960
Data size: 1000000
Distance metric type: 0
========== Load query file ==========
Query dimension: 960
Query size: 1000
Distance metric type: 0
========== Build GTI ==========
Time of index construction: 235.481s
========== Update ==========
Update setting: ratio=0.005, update_n=5000, chunk_size=500
========== Search GTI ==========
query->num: 100
Time of search: 0.00350542s
Search recall: 0.866
========== Search GTI ==========
query->num: 100
Time of search: 0.00304465s
Search recall: 0.867
========== Search GTI ==========
query->num: 100
Time of search: 0.00376914s
Search recall: 0.867
========== Search GTI ==========
query->num: 100
Time of search: 0.00367371s
Search recall: 0.866
========== Search GTI ==========
query->num: 100
Time of search: 0.0031142s
Search recall: 0.867
========== Search GTI ==========
query->num: 100
Time of search: 0.00431499s
Search recall: 0.867
========== Search GTI ==========
query->num: 100
Time of search: 0.00548981s
Search recall: 0.867
========== Search GTI ==========
query->num: 100
Time of search: 0.00348139s
Search recall: 0.867
========== Search GTI ==========
query->num: 100
Time of search: 0.00354497s
Search recall: 0.867
========== Search GTI ==========
query->num: 100
Time of search: 0.00385861s
Search recall: 0.865
Insert avg time: 0.00593125s
========== Save results ==========
Results saved to ./results/lsh_experiment/gist_baseline_run1/update/update_summary_k10_l60_ratio0.005.txt
Curve saved to ./results/lsh_experiment/gist_baseline_run1/update/update_curve_k10_l60_ratio0.005.csv
========== Release memory ==========
