========== Load data file ==========
Data dimension: 256
Data size: 1000000
Distance metric type: 0
========== Load query file ==========
Query dimension: 256
Query size: 1000
Distance metric type: 0
========== Build GTI ==========
Time of index construction: 73.2109s
========== Update ==========
Update setting: ratio=0.005, update_n=5000, chunk_size=500
========== Search GTI ==========
query->num: 100
Time of search: 0.00112552s
Search recall: 0.926
========== Search GTI ==========
query->num: 100
Time of search: 0.00114921s
Search recall: 0.926
========== Search GTI ==========
query->num: 100
Time of search: 0.00114679s
Search recall: 0.926
========== Search GTI ==========
query->num: 100
Time of search: 0.00112514s
Search recall: 0.926
========== Search GTI ==========
query->num: 100
Time of search: 0.00115773s
Search recall: 0.926
========== Search GTI ==========
query->num: 100
Time of search: 0.00136114s
Search recall: 0.926
========== Search GTI ==========
query->num: 100
Time of search: 0.00112776s
Search recall: 0.925
========== Search GTI ==========
query->num: 100
Time of search: 0.00114591s
Search recall: 0.925
========== Search GTI ==========
query->num: 100
Time of search: 0.00115662s
Search recall: 0.925
========== Search GTI ==========
query->num: 100
Time of search: 0.0011746s
Search recall: 0.924
Insert avg time: 0.0025705s
========== Save results ==========
Results saved to ./results/lsh_experiment/deep_ef4L_L2K4s4d16_run1/update/update_summary_k10_l60_ratio0.005.txt
Curve saved to ./results/lsh_experiment/deep_ef4L_L2K4s4d16_run1/update/update_curve_k10_l60_ratio0.005.csv
========== Release memory ==========
