========== Load data file ==========
Data dimension: 960
Data size: 1000000
Distance metric type: 0
========== Load query file ==========
Query dimension: 960
Query size: 1000
Distance metric type: 0
========== Build GTI ==========
MST_CONFIG: full_threshold=200 sample_size=300 balance_min_frac=0.100000 use_sampling=0 seed=42 medoid_k=64
MST attempts: 941209, used: 940801, fallbacks: 408
Time of index construction: 241.346970s
========== Update ==========
Update setting: ratio=0.005000, update_n=5000, chunk_size=500
========== Search GTI ==========
query->num: 100
Time of search: 0.003168s
Search recall: 0.880000
========== Search GTI ==========
query->num: 100
Time of search: 0.003047s
Search recall: 0.880000
========== Search GTI ==========
query->num: 100
Time of search: 0.003206s
Search recall: 0.880000
========== Search GTI ==========
