========== Load data file ==========
Data dimension: 256
Data size: 1000000
Distance metric type: 0
========== Load query file ==========
Query dimension: 256
Query size: 1000
Distance metric type: 0
========== Build GTI ==========
Time of index construction: 72.9421s
========== Update ==========
Update setting: ratio=0.005, update_n=5000, chunk_size=500
========== Search GTI ==========
query->num: 100
Time of search: 0.00143215s
Search recall: 0.937
========== Search GTI ==========
query->num: 100
Time of search: 0.00172389s
Search recall: 0.937
========== Search GTI ==========
query->num: 100
Time of search: 0.00140031s
Search recall: 0.937
========== Search GTI ==========
query->num: 100
Time of search: 0.00140532s
Search recall: 0.937
========== Search GTI ==========
query->num: 100
Time of search: 0.00149736s
Search recall: 0.937
========== Search GTI ==========
query->num: 100
Time of search: 0.00140607s
Search recall: 0.937
========== Search GTI ==========
query->num: 100
Time of search: 0.0013908s
Search recall: 0.937
========== Search GTI ==========
query->num: 100
Time of search: 0.00142882s
Search recall: 0.937
========== Search GTI ==========
query->num: 100
Time of search: 0.00155346s
Search recall: 0.937
========== Search GTI ==========
query->num: 100
Time of search: 0.00138886s
Search recall: 0.936
Insert avg time: 0.00271414s
========== Save results ==========
Results saved to ./results/lsh_experiment/baseline_run3/update/update_summary_k10_l60_ratio0.005.txt
Curve saved to ./results/lsh_experiment/baseline_run3/update/update_curve_k10_l60_ratio0.005.csv
========== Release memory ==========
