========== Load data file ==========
Data dimension: 256
Data size: 1000000
Distance metric type: 0
========== Load query file ==========
Query dimension: 256
Query size: 1000
Distance metric type: 0
========== Build GTI ==========
MST_CONFIG: full_threshold=300 sample_size=300 balance_min_frac=0.100000 use_sampling=0 seed=42 medoid_k=64
MST attempts: 955020, used: 955017, fallbacks: 3
Time of index construction: 76.628944s
========== Update ==========
Update setting: ratio=0.005000, update_n=5000, chunk_size=500
========== Search GTI ==========
query->num: 100
Time of search: 0.001566s
Search recall: 0.957000
========== Search GTI ==========
query->num: 100
Time of search: 0.001521s
Search recall: 0.957000
========== Search GTI ==========
query->num: 100
Time of search: 0.001552s
Search recall: 0.957000
========== Search GTI ==========
query->num: 100
Time of search: 0.001555s
Search recall: 0.957000
========== Search GTI ==========
query->num: 100
Time of search: 0.001527s
Search recall: 0.956000
========== Search GTI ==========
query->num: 100
Time of search: 0.001553s
Search recall: 0.957000
========== Search GTI ==========
query->num: 100
Time of search: 0.001555s
Search recall: 0.957000
========== Search GTI ==========
query->num: 100
Time of search: 0.001541s
Search recall: 0.957000
========== Search GTI ==========
query->num: 100
Time of search: 0.001553s
Search recall: 0.957000
========== Search GTI ==========
query->num: 100
Time of search: 0.001502s
Search recall: 0.956000
Insert avg time: 0.002613s
========== Save results ==========
Results saved to ./results/split_compare/mst_param_tuning/deep/mst_full_3_run3/update/update_summary_k10_l60_ratio0.005.txt
Curve saved to ./results/split_compare/mst_param_tuning/deep/mst_full_3_run3/update/update_curve_k10_l60_ratio0.005.csv
========== Release memory ==========
