[2026-03-01T16:07:32+0800] START
GTI_UPDATE_RATIO=0.001 (update_n = data_size * 0.001)
========== 运行删除策略: gist (wolverine hybrid) ==========

>>> 策略: wolverine <<<
========== Load data file ==========
Data dimension: 960
Data size: 1000000
Distance metric type: 0
========== Load query file ==========
Query dimension: 960
Query size: 1000
Distance metric type: 0
========== Build GTI ==========
Graph M: 16
[?12l[?25hTime of index construction: 1427.37s
========== Update ==========
Search L: 60
Update setting: ratio=0.001, update_n=1000, chunk_size=100
========== Search GTI ==========
query->num: 100
Time of search: 0.00264345s
Search recall: 0.851
========== Search GTI ==========
query->num: 100
Time of search: 0.00225053s
Search recall: 0.851
========== Search GTI ==========
query->num: 100
Time of search: 0.002134s
Search recall: 0.851
========== Search GTI ==========
query->num: 100
Time of search: 0.00213662s
Search recall: 0.851
========== Search GTI ==========
query->num: 100
Time of search: 0.00234419s
Search recall: 0.851
========== Search GTI ==========
query->num: 100
Time of search: 0.00220117s
Search recall: 0.851
========== Search GTI ==========
query->num: 100
Time of search: 0.00214204s
Search recall: 0.851
========== Search GTI ==========
query->num: 100
Time of search: 0.00215337s
Search recall: 0.851
========== Search GTI ==========
query->num: 100
Time of search: 0.00234007s
Search recall: 0.851
========== Search GTI ==========
query->num: 100
Time of search: 0.00216012s
Search recall: 0.851
Insert avg time: 0.00331275s
========== Chunked delete 1000 items (chunk=200, rebuild_threshold=0, PATCH_DELETE_ONLY) ==========
  PatchDelete 200 items (total 200) ... total=0.840759s (graph_update=0.202976s, rebuild=0s)
========== Search GTI ==========
query->num: 100
Time of search: 0.00220161s
Search recall: 0.848
  PatchDelete 200 items (total 400) ... total=0.799815s (graph_update=0.18106s, rebuild=0s)
========== Search GTI ==========
query->num: 100
Time of search: 0.0021243s
Search recall: 0.845
  PatchDelete 200 items (total 600) ... total=0.674345s (graph_update=0.180254s, rebuild=0s)
========== Search GTI ==========
query->num: 100
Time of search: 0.00208715s
Search recall: 0.845
  PatchDelete 200 items (total 800) ... total=0.967088s (graph_update=0.178004s, rebuild=0s)
========== Search GTI ==========
query->num: 100
Time of search: 0.00200728s
Search recall: 0.844
  PatchDelete 200 items (total 1000) ... total=0.851859s (graph_update=0.172557s, rebuild=0s)
========== Search GTI ==========
query->num: 100
Time of search: 0.00198814s
Search recall: 0.846
Delete total time: 4.13387s, avg per item: 0.00413387s
========== Save results ==========
Results saved to ./results/gist/update/wolverine/update_summary_k10_l60_ratio0.001.txt
Curve saved to ./results/gist/update/wolverine/update_curve_k10_l60_ratio0.001.csv
========== Done ==========

>>> 策略: hybrid <<<
declare -x BROWSER="/home/shiyi/.cursor-server/bin/linux-x64/dc8361355d709f306d5159635a677a571b277bc0/bin/helpers/browser.sh"
declare -x CC="/opt/rh/devtoolset-10/root/usr/bin/gcc"
declare -x COLORTERM="truecolor"
declare -x CXX="/opt/rh/devtoolset-10/root/usr/bin/g++"
declare -x GIT_ASKPASS="/home/shiyi/.cursor-server/bin/linux-x64/dc8361355d709f306d5159635a677a571b277bc0/extensions/git/dist/askpass.sh"
declare -x GTI_LSH_ENABLED="0"
declare -x GTI_SPLIT_STRATEGY="lb"
declare -x GTI_STRATEGIES="wolverine hybrid"
declare -x GTI_UPDATE_DELETE_N="1000"
declare -x GTI_UPDATE_RATIO="0.001"
declare -x HISTCONTROL="ignoredups"
declare -x HISTSIZE="1000"
declare -x HOME="/home/shiyi"
declare -x HOSTNAME="localhost.localdomain"
declare -x LANG="zh_CN.UTF-8"
declare -x LESSOPEN="||/usr/bin/lesspipe.sh %s"
declare -x LOGNAME="shiyi"
declare -x LS_COLORS="rs=0:di=38;5;27:ln=38;5;51:mh=44;38;5;15:pi=40;38;5;11:so=38;5;13:do=38;5;5:bd=48;5;232;38;5;11:cd=48;5;232;38;5;3:or=48;5;232;38;5;9:mi=05;48;5;232;38;5;15:su=48;5;196;38;5;15:sg=48;5;11;38;5;16:ca=48;5;196;38;5;226:tw=48;5;10;38;5;16:ow=48;5;10;38;5;21:st=48;5;21;38;5;15:ex=38;5;34:*.tar=38;5;9:*.tgz=38;5;9:*.arc=38;5;9:*.arj=38;5;9:*.taz=38;5;9:*.lha=38;5;9:*.lz4=38;5;9:*.lzh=38;5;9:*.lzma=38;5;9:*.tlz=38;5;9:*.txz=38;5;9:*.tzo=38;5;9:*.t7z=38;5;9:*.zip=38;5;9:*.z=38;5;9:*.Z=38;5;9:*.dz=38;5;9:*.gz=38;5;9:*.lrz=38;5;9:*.lz=38;5;9:*.lzo=38;5;9:*.xz=38;5;9:*.bz2=38;5;9:*.bz=38;5;9:*.tbz=38;5;9:*.tbz2=38;5;9:*.tz=38;5;9:*.deb=38;5;9:*.rpm=38;5;9:*.jar=38;5;9:*.war=38;5;9:*.ear=38;5;9:*.sar=38;5;9:*.rar=38;5;9:*.alz=38;5;9:*.ace=38;5;9:*.zoo=38;5;9:*.cpio=38;5;9:*.7z=38;5;9:*.rz=38;5;9:*.cab=38;5;9:*.jpg=38;5;13:*.jpeg=38;5;13:*.gif=38;5;13:*.bmp=38;5;13:*.pbm=38;5;13:*.pgm=38;5;13:*.ppm=38;5;13:*.tga=38;5;13:*.xbm=38;5;13:*.xpm=38;5;13:*.tif=38;5;13:*.tiff=38;5;13:*.png=38;5;13:*.svg=38;5;13:*.svgz=38;5;13:*.mng=38;5;13:*.pcx=38;5;13:*.mov=38;5;13:*.mpg=38;5;13:*.mpeg=38;5;13:*.m2v=38;5;13:*.mkv=38;5;13:*.webm=38;5;13:*.ogm=38;5;13:*.mp4=38;5;13:*.m4v=38;5;13:*.mp4v=38;5;13:*.vob=38;5;13:*.qt=38;5;13:*.nuv=38;5;13:*.wmv=38;5;13:*.asf=38;5;13:*.rm=38;5;13:*.rmvb=38;5;13:*.flc=38;5;13:*.avi=38;5;13:*.fli=38;5;13:*.flv=38;5;13:*.gl=38;5;13:*.dl=38;5;13:*.xcf=38;5;13:*.xwd=38;5;13:*.yuv=38;5;13:*.cgm=38;5;13:*.emf=38;5;13:*.axv=38;5;13:*.anx=38;5;13:*.ogv=38;5;13:*.ogx=38;5;13:*.aac=38;5;45:*.au=38;5;45:*.flac=38;5;45:*.mid=38;5;45:*.midi=38;5;45:*.mka=38;5;45:*.mp3=38;5;45:*.mpc=38;5;45:*.ogg=38;5;45:*.ra=38;5;45:*.wav=38;5;45:*.axa=38;5;45:*.oga=38;5;45:*.spx=38;5;45:*.xspf=38;5;45:"
declare -x MAIL="/var/spool/mail/shiyi"
declare -x MAVEN_HOME="/home/xuanyu/apache-maven-3.8.8"
declare -x OLDPWD="/home/shiyi/test/GTI-Graph-based-Tree-Index/GTI-Graph-based-Tree-Index"
declare -x OMP_NUM_THREADS="1"
declare -x PATH="/opt/rh/devtoolset-10/root/usr/bin:/home/shiyi/.cursor-server/bin/linux-x64/dc8361355d709f306d5159635a677a571b277bc0/bin/remote-cli:/opt/rh/devtoolset-10/root/usr/bin:/home/shiyi/.cursor-server/bin/linux-x64/dc8361355d709f306d5159635a677a571b277bc0/bin/remote-cli:/opt/rh/devtoolset-10/root/usr/bin:/opt/rh/devtoolset-10/root/usr/bin:/usr/local/bin:/usr/bin:/usr/local/sbin:/usr/sbin:/home/xuanyu/scala-2.13.0/bin:/home/xuanyu/apache-maven-3.8.8/bin:/home/shiyi/.local/bin:/home/shiyi/bin:/home/xuanyu/scala-2.13.0/bin:/home/xuanyu/apache-maven-3.8.8/bin:/home/shiyi/.local/bin:/home/shiyi/bin"
declare -x PWD="/home/shiyi/test/GTI-Graph-based-Tree-Index/GTI-Graph-based-Tree-Index"
declare -x SCALA_HOME="/home/xuanyu/scala-2.13.0"
declare -x SELINUX_LEVEL_REQUESTED=""
declare -x SELINUX_ROLE_REQUESTED=""
declare -x SELINUX_USE_CURRENT_RANGE=""
declare -x SHELL="/bin/bash"
declare -x SHLVL="8"
declare -x SSH_CLIENT="10.254.25.31 58132 22"
declare -x SSH_CONNECTION="10.254.25.31 58132 172.16.2.45 22"
declare -x TERM="xterm-256color"
declare -x TERM_PROGRAM="vscode"
declare -x TERM_PROGRAM_VERSION="2.4.21"
declare -x USER="shiyi"
declare -x VSCODE_GIT_ASKPASS_EXTRA_ARGS=""
declare -x VSCODE_GIT_ASKPASS_MAIN="/home/shiyi/.cursor-server/bin/linux-x64/dc8361355d709f306d5159635a677a571b277bc0/extensions/git/dist/askpass-main.js"
declare -x VSCODE_GIT_ASKPASS_NODE="/home/shiyi/.cursor-server/bin/linux-x64/dc8361355d709f306d5159635a677a571b277bc0/node"
declare -x VSCODE_GIT_IPC_AUTH_TOKEN="6484f37ba260fe086847cb7f409c43779346bc0c89172149b51708267e35df80"
declare -x VSCODE_GIT_IPC_HANDLE="/run/user/1010/vscode-git-623303319f.sock"
declare -x VSCODE_IPC_HOOK_CLI="/run/user/1010/vscode-ipc-43c21e66-0dd3-42ea-9cbe-2229bcb19daf.sock"
declare -x XDG_DATA_DIRS="/home/shiyi/.local/share/flatpak/exports/share:/var/lib/flatpak/exports/share:/usr/local/share:/usr/share"
declare -x XDG_RUNTIME_DIR="/run/user/1010"
declare -x XDG_SESSION_ID="3874"
========== Load data file ==========
Data dimension: 960
Data size: 1000000
Distance metric type: 0
========== Load query file ==========
Query dimension: 960
Query size: 1000
Distance metric type: 0
========== Build GTI ==========
Graph M: 16
[?12l[?25h