========== Load data file ==========
Data dimension: 128
Data size: 1000000
Distance metric type: 0
========== Load query file ==========
Query dimension: 128
Query size: 10000
Distance metric type: 0
========== Build GTI ==========
Graph M: 16
[SHG] Graph M: 24 (GTI_SHG_M)
 data_rep_memory_: 0x7f22e8638010 data_rep_size_:40
Time of index construction: 367.106s
========== Update ==========
Search L: 60
Update setting: ratio=0.01, update_n=10000, chunk_size=1000
========== Search GTI ==========
query->num: 100
Time of search: 0.00197374s
Search recall: 0.861
========== Search GTI ==========
query->num: 100
Time of search: 0.00189636s
Search recall: 0.86
========== Search GTI ==========
query->num: 100
Time of search: 0.00192463s
Search recall: 0.86
========== Search GTI ==========
query->num: 100
Time of search: 0.00190505s
Search recall: 0.86
========== Search GTI ==========
query->num: 100
Time of search: 0.00189195s
Search recall: 0.859
========== Search GTI ==========
query->num: 100
Time of search: 0.00186455s
Search recall: 0.857
========== Search GTI ==========
query->num: 100
Time of search: 0.00191288s
Search recall: 0.854
========== Search GTI ==========
query->num: 100
Time of search: 0.00189342s
Search recall: 0.854
========== Search GTI ==========
query->num: 100
Time of search: 0.00191699s
Search recall: 0.854
========== Search GTI ==========
query->num: 100
Time of search: 0.0019057s
Search recall: 0.854
Insert avg time: 0.000742272s
[D] rebuildShortcuts elapsed: 0.675286s
========== Chunked delete 10000 items (chunk=2000, rebuild_threshold=0, MARK_DELETE_ONLY) ==========
  MarkDelete 2000 items (total 2000) ... total=17.9244s (graph_update=0.00159106s, rebuild=0s)
========== Search GTI ==========
query->num: 100
Time of search: 0.00195932s
Search recall: 0.855
  MarkDelete 2000 items (total 4000) ... total=16.1281s (graph_update=0.00205354s, rebuild=0s)
========== Search GTI ==========
query->num: 100
Time of search: 0.001947s
Search recall: 0.856
  MarkDelete 2000 items (total 6000) ... total=16.9183s (graph_update=0.00133541s, rebuild=0s)
========== Search GTI ==========
query->num: 100
Time of search: 0.00202337s
Search recall: 0.825
  MarkDelete 2000 items (total 8000) ... total=13.3804s (graph_update=0.0022234s, rebuild=0s)
========== Search GTI ==========
query->num: 100
Time of search: 0.00194196s
Search recall: 0.795
  MarkDelete 2000 items (total 10000) ... total=15.1037s (graph_update=0.00168711s, rebuild=0s)
========== Search GTI ==========
query->num: 100
Time of search: 0.0021029s
Search recall: 0.784
Delete total time: 79.4549s, avg per item: 0.00794549s
========== Save results ==========
Results saved to ./results/sift/update/shg_prune0/update_summary_k10_l60_ratio0.010.txt
Curve saved to ./results/sift/update/shg_prune0/update_curve_k10_l60_ratio0.010.csv
========== Done ==========
