========== Load data file ==========
Data dimension: 256
Data size: 1000000
Distance metric type: 0
========== Load query file ==========
Query dimension: 256
Query size: 1000
Distance metric type: 0
========== Build GTI ==========
Time of index construction: 78.6339s
========== Update ==========
Update setting: ratio=0.005, update_n=5000, chunk_size=500
========== Search GTI ==========
query->num: 100
Time of search: 0.00316056s
Search recall: 0.936
========== Search GTI ==========
query->num: 100
Time of search: 0.00341727s
Search recall: 0.936
========== Search GTI ==========
query->num: 100
Time of search: 0.00292461s
Search recall: 0.935
========== Search GTI ==========
query->num: 100
Time of search: 0.00366054s
Search recall: 0.935
========== Search GTI ==========
query->num: 100
Time of search: 0.00346097s
Search recall: 0.935
========== Search GTI ==========
query->num: 100
Time of search: 0.00281125s
Search recall: 0.935
========== Search GTI ==========
query->num: 100
Time of search: 0.00292711s
Search recall: 0.935
========== Search GTI ==========
query->num: 100
Time of search: 0.00306114s
Search recall: 0.935
========== Search GTI ==========
query->num: 100
Time of search: 0.00314942s
Search recall: 0.935
========== Search GTI ==========
query->num: 100
Time of search: 0.0031372s
Search recall: 0.934
Insert avg time: 0.00311714s
========== Save results ==========
Results saved to ./results/lsh_experiment/lsh_run1/update/update_summary_k10_l60_ratio0.005.txt
Curve saved to ./results/lsh_experiment/lsh_run1/update/update_curve_k10_l60_ratio0.005.csv
========== Release memory ==========
