========== Load data file ==========
Data dimension: 128
Data size: 1000000
Distance metric type: 0
========== Load query file ==========
Query dimension: 128
Query size: 10000
Distance metric type: 0
========== Build GTI ==========
Graph M: 16
Time of index construction: 344.298s
========== Update ==========
Search L: 60
Update setting: ratio=0.01, update_n=10000, chunk_size=1000
========== Chunked delete 10000 items (chunk=2000, rebuild_threshold=0, PATCH_DELETE_ONLY) ==========
  PatchDelete 2000 items (total 2000) ... [GTI] Wolverine delete_model=3 (WolverinePro/TWOHOP)
total=6.59854s (graph_update=0.253738s, rebuild=0s)
  PatchDelete 2000 items (total 4000) ... [GTI] Wolverine delete_model=3 (WolverinePro/TWOHOP)
total=5.77199s (graph_update=0.241486s, rebuild=0s)
  PatchDelete 2000 items (total 6000) ... [GTI] Wolverine delete_model=3 (WolverinePro/TWOHOP)
total=6.88575s (graph_update=0.226827s, rebuild=0s)
  PatchDelete 2000 items (total 8000) ... [GTI] Wolverine delete_model=3 (WolverinePro/TWOHOP)
total=4.97377s (graph_update=0.24277s, rebuild=0s)
  PatchDelete 2000 items (total 10000) ... [GTI] Wolverine delete_model=3 (WolverinePro/TWOHOP)
total=5.37511s (graph_update=0.230505s, rebuild=0s)
Delete total time: 29.6052s, avg per item: 0.00296051s
========== Save results ==========
Results saved to ./results/sift/update/wolverine_WolverinePro/update_summary_k10_l60_ratio0.010.txt
Curve saved to ./results/sift/update/wolverine_WolverinePro/update_curve_k10_l60_ratio0.010.csv
========== Done ==========
