========== Load data file ==========
Data dimension: 128
Data size: 1000000
Distance metric type: 0
========== Load query file ==========
Query dimension: 128
Query size: 10000
Distance metric type: 0
========== Build GTI ==========
Graph M: 16
[?12l[?25h data_rep_memory_: 0x7fe499b50010 data_rep_size_:40
HNSW graph layers (maxlevel_): 5
Time of index construction: 552.516s
========== Update ==========
Search L: 60
Update setting: ratio=0.01, update_n=10000, chunk_size=1000
========== Search GTI ==========
query->num: 100
Time of search: 0.0049895s
Search recall: 0.836
[F] levelsSkip: calls=200 total_levels_skipped=400 avg_skip=2.000000
========== Search GTI ==========
query->num: 100
Time of search: 0.00471185s
Search recall: 0.83
[F] levelsSkip: calls=200 total_levels_skipped=400 avg_skip=2.000000
========== Search GTI ==========
query->num: 100
Time of search: 0.00473576s
Search recall: 0.83
[F] levelsSkip: calls=200 total_levels_skipped=400 avg_skip=2.000000
========== Search GTI ==========
query->num: 100
Time of search: 0.0047022s
Search recall: 0.83
[F] levelsSkip: calls=200 total_levels_skipped=400 avg_skip=2.000000
========== Search GTI ==========
query->num: 100
Time of search: 0.00475493s
Search recall: 0.829
[F] levelsSkip: calls=200 total_levels_skipped=400 avg_skip=2.000000
========== Search GTI ==========
query->num: 100
Time of search: 0.00485331s
Search recall: 0.826
[F] levelsSkip: calls=200 total_levels_skipped=400 avg_skip=2.000000
========== Search GTI ==========
query->num: 100
Time of search: 0.0047991s
Search recall: 0.825
[F] levelsSkip: calls=200 total_levels_skipped=400 avg_skip=2.000000
========== Search GTI ==========
query->num: 100
Time of search: 0.00472354s
Search recall: 0.824
[F] levelsSkip: calls=200 total_levels_skipped=400 avg_skip=2.000000
========== Search GTI ==========
query->num: 100
Time of search: 0.00489286s
Search recall: 0.825
[F] levelsSkip: calls=200 total_levels_skipped=400 avg_skip=2.000000
========== Search GTI ==========
query->num: 100
Time of search: 0.00477457s
Search recall: 0.825
[F] levelsSkip: calls=200 total_levels_skipped=400 avg_skip=2.000000
Insert avg time: 0.00102233s
========== Chunked delete 10000 items (chunk=2000, rebuild_threshold=0, MARK_DELETE_ONLY) ==========
  MarkDelete 2000 items (total 2000) ... total=14.8736s (graph_update=0.00094239s, rebuild=0s)
========== Search GTI ==========
query->num: 100
Time of search: 0.00464547s
Search recall: 0.738
[F] levelsSkip: calls=4200 total_levels_skipped=8400 avg_skip=2.000000
  MarkDelete 2000 items (total 4000) ... total=14.8163s (graph_update=0.00105295s, rebuild=0s)
========== Search GTI ==========
query->num: 100
Time of search: 0.0047535s
Search recall: 0.771
[F] levelsSkip: calls=4200 total_levels_skipped=8400 avg_skip=2.000000
  MarkDelete 2000 items (total 6000) ... total=14.9434s (graph_update=0.00112367s, rebuild=0s)
========== Search GTI ==========
query->num: 100
Time of search: 0.00490689s
Search recall: 0.789
[F] levelsSkip: calls=4200 total_levels_skipped=8400 avg_skip=2.000000
  MarkDelete 2000 items (total 8000) ... total=12.7939s (graph_update=0.00129203s, rebuild=0s)
========== Search GTI ==========
query->num: 100
Time of search: 0.0048932s
Search recall: 0.77
[F] levelsSkip: calls=4200 total_levels_skipped=8400 avg_skip=2.000000
  MarkDelete 2000 items (total 10000) ... total=13.2819s (graph_update=0.000847213s, rebuild=0s)
========== Search GTI ==========
query->num: 100
Time of search: 0.00493722s
Search recall: 0.756
[F] levelsSkip: calls=4200 total_levels_skipped=8400 avg_skip=2.000000
Delete total time: 70.709s, avg per item: 0.0070709s
========== Save results ==========
Results saved to ./results/sift/update/shg_f_verbose/update_summary_k10_l60_ratio0.010.txt
Curve saved to ./results/sift/update/shg_f_verbose/update_curve_k10_l60_ratio0.010.csv
========== Done ==========
