========== Load data file ==========
Data dimension: 128
Data size: 1000000
Distance metric type: 0
========== Load query file ==========
Query dimension: 128
Query size: 10000
Distance metric type: 0
========== Build GTI ==========
Graph M: 16
[SHG] Graph M: 32 (GTI_SHG_M)
 data_rep_memory_: 0x7f93b9ebf010 data_rep_size_:40
Time of index construction: 452.328s
========== Update ==========
Search L: 60
Update setting: ratio=0.01, update_n=10000, chunk_size=1000
========== Search GTI ==========
query->num: 100
Time of search: 0.00278988s
Search recall: 0.875
========== Search GTI ==========
query->num: 100
Time of search: 0.00259821s
Search recall: 0.873
========== Search GTI ==========
query->num: 100
Time of search: 0.00259069s
Search recall: 0.873
========== Search GTI ==========
query->num: 100
Time of search: 0.00259476s
Search recall: 0.873
========== Search GTI ==========
query->num: 100
Time of search: 0.0025892s
Search recall: 0.872
========== Search GTI ==========
query->num: 100
Time of search: 0.00259065s
Search recall: 0.87
========== Search GTI ==========
query->num: 100
Time of search: 0.0026172s
Search recall: 0.867
========== Search GTI ==========
query->num: 100
Time of search: 0.00260144s
Search recall: 0.867
========== Search GTI ==========
query->num: 100
Time of search: 0.00268055s
Search recall: 0.867
========== Search GTI ==========
query->num: 100
Time of search: 0.0026288s
Search recall: 0.867
Insert avg time: 0.000770989s
[D] rebuildShortcuts elapsed: 0.478527s
========== Chunked delete 10000 items (chunk=2000, rebuild_threshold=0, MARK_DELETE_ONLY) ==========
  MarkDelete 2000 items (total 2000) ... total=16.8619s (graph_update=0.00132512s, rebuild=0s)
========== Search GTI ==========
query->num: 100
Time of search: 0.00259535s
Search recall: 0.867
  MarkDelete 2000 items (total 4000) ... total=15.2767s (graph_update=0.00145286s, rebuild=0s)
========== Search GTI ==========
query->num: 100
Time of search: 0.00263457s
Search recall: 0.867
  MarkDelete 2000 items (total 6000) ... total=15.0159s (graph_update=0.0011621s, rebuild=0s)
========== Search GTI ==========
query->num: 100
Time of search: 0.00261389s
Search recall: 0.832
  MarkDelete 2000 items (total 8000) ... total=11.8885s (graph_update=0.0018987s, rebuild=0s)
========== Search GTI ==========
query->num: 100
Time of search: 0.00263644s
Search recall: 0.803
  MarkDelete 2000 items (total 10000) ... total=13.3944s (graph_update=0.00122095s, rebuild=0s)
========== Search GTI ==========
query->num: 100
Time of search: 0.00270245s
Search recall: 0.792
Delete total time: 72.4374s, avg per item: 0.00724374s
========== Save results ==========
Results saved to ./results/sift/update/shg_m32_efb120_efs80/update_summary_k10_l60_ratio0.010.txt
Curve saved to ./results/sift/update/shg_m32_efb120_efs80/update_curve_k10_l60_ratio0.010.csv
========== Done ==========
