========== Load data file ==========
Data dimension: 128
Data size: 1000000
Distance metric type: 0
========== Load query file ==========
Query dimension: 128
Query size: 10000
Distance metric type: 0
========== Build GTI ==========
Graph M: 16
[?12l[?25h data_rep_memory_: 0x7f35444c3010 data_rep_size_:40
HNSW graph layers (maxlevel_): 5
Time of index construction: 815.246s
========== Update ==========
Search L: 60
Update setting: ratio=0.01, update_n=10000, chunk_size=1000
========== Search GTI ==========
query->num: 100
Time of search: 0.00493708s
Search recall: 0.836
========== Search GTI ==========
query->num: 100
Time of search: 0.00459633s
Search recall: 0.83
========== Search GTI ==========
query->num: 100
Time of search: 0.00480053s
Search recall: 0.83
========== Search GTI ==========
query->num: 100
Time of search: 0.00487639s
Search recall: 0.83
========== Search GTI ==========
query->num: 100
Time of search: 0.00460549s
Search recall: 0.829
========== Search GTI ==========
query->num: 100
Time of search: 0.00489698s
Search recall: 0.826
========== Search GTI ==========
query->num: 100
Time of search: 0.00486027s
Search recall: 0.825
========== Search GTI ==========
query->num: 100
Time of search: 0.00469829s
Search recall: 0.824
========== Search GTI ==========
query->num: 100
Time of search: 0.00465313s
Search recall: 0.825
========== Search GTI ==========
query->num: 100
Time of search: 0.00482586s
Search recall: 0.825
Insert avg time: 0.00101729s
========== Chunked delete 10000 items (chunk=2000, rebuild_threshold=0, MARK_DELETE_ONLY) ==========
  MarkDelete 2000 items (total 2000) ... total=14.6501s (graph_update=0.000843015s, rebuild=0s)
========== Search GTI ==========
query->num: 100
Time of search: 0.00465203s
Search recall: 0.738
  MarkDelete 2000 items (total 4000) ... total=14.6416s (graph_update=0.00106107s, rebuild=0s)
========== Search GTI ==========
query->num: 100
Time of search: 0.00489457s
Search recall: 0.771
  MarkDelete 2000 items (total 6000) ... total=14.7333s (graph_update=0.000927546s, rebuild=0s)
========== Search GTI ==========
query->num: 100
Time of search: 0.00460786s
Search recall: 0.77
  MarkDelete 2000 items (total 8000) ... total=12.6218s (graph_update=0.00141327s, rebuild=0s)
========== Search GTI ==========
query->num: 100
Time of search: 0.00487297s
Search recall: 0.767
  MarkDelete 2000 items (total 10000) ... total=13.1519s (graph_update=0.000887444s, rebuild=0s)
========== Search GTI ==========
query->num: 100
Time of search: 0.00486809s
Search recall: 0.754
Delete total time: 69.7986s, avg per item: 0.00697986s
========== Save results ==========
Results saved to ./results/sift/update/shg_e_sample65/update_summary_k10_l60_ratio0.010.txt
Curve saved to ./results/sift/update/shg_e_sample65/update_curve_k10_l60_ratio0.010.csv
========== Done ==========
