========== Load data file ==========
Data dimension: 128
Data size: 1000000
Distance metric type: 0
========== Load query file ==========
Query dimension: 128
Query size: 10000
Distance metric type: 0
========== Build GTI ==========
Graph M: 16
Time of index construction: 239.998s
========== Update ==========
Search L: 60
Update setting: ratio=0.01, update_n=10000, chunk_size=1000
========== Search GTI ==========
query->num: 100
Time of search: 0.000574794s
Search recall: 0.881
========== Search GTI ==========
query->num: 100
Time of search: 0.000573216s
Search recall: 0.881
========== Search GTI ==========
query->num: 100
Time of search: 0.000566499s
Search recall: 0.881
========== Search GTI ==========
query->num: 100
Time of search: 0.000562588s
Search recall: 0.881
========== Search GTI ==========
query->num: 100
Time of search: 0.00056571s
Search recall: 0.878
========== Search GTI ==========
query->num: 100
Time of search: 0.00056558s
Search recall: 0.869
========== Search GTI ==========
query->num: 100
Time of search: 0.000561701s
Search recall: 0.857
========== Search GTI ==========
query->num: 100
Time of search: 0.000573459s
Search recall: 0.852
========== Search GTI ==========
query->num: 100
Time of search: 0.000559927s
Search recall: 0.846
========== Search GTI ==========
query->num: 100
Time of search: 0.000559752s
Search recall: 0.846
Insert avg time: 0.000510884s
========== Chunked delete 10000 items (chunk=2000, rebuild_threshold=0, PATCH_DELETE_ONLY) ==========
  PatchDelete 2000 items (total 2000) ... total=4.50072s (graph_update=0.209425s, rebuild=0s)
========== Search GTI ==========
query->num: 100
Time of search: 0.000682082s
Search recall: 0.846
  PatchDelete 2000 items (total 4000) ... total=4.02478s (graph_update=0.201046s, rebuild=0s)
========== Search GTI ==========
query->num: 100
Time of search: 0.000663175s
Search recall: 0.846
  PatchDelete 2000 items (total 6000) ... total=4.31249s (graph_update=0.191688s, rebuild=0s)
========== Search GTI ==========
query->num: 100
Time of search: 0.000664324s
Search recall: 0.824
  PatchDelete 2000 items (total 8000) ... total=3.28285s (graph_update=0.190756s, rebuild=0s)
========== Search GTI ==========
query->num: 100
Time of search: 0.000657328s
Search recall: 0.808
  PatchDelete 2000 items (total 10000) ... total=3.63463s (graph_update=0.192731s, rebuild=0s)
========== Search GTI ==========
query->num: 100
Time of search: 0.000654122s
Search recall: 0.797
Delete total time: 19.7555s, avg per item: 0.00197555s
========== Save results ==========
Results saved to ./results/sift/update/wolverine_baseline/update_summary_k10_l60_ratio0.010.txt
Curve saved to ./results/sift/update/wolverine_baseline/update_curve_k10_l60_ratio0.010.csv
========== Done ==========
