========== Load data file ==========
Data dimension: 256
Data size: 1000000
Distance metric type: 0
========== Load query file ==========
Query dimension: 256
Query size: 1000
Distance metric type: 0
========== Build GTI ==========
MST_CONFIG: full_threshold=128 sample_size=128 balance_min_frac=0.050000 use_sampling=1 seed=42 medoid_k=64
MST attempts: 955020, used: 955017, fallbacks: 3
Time of index construction: 78.344612s
========== Update ==========
Update setting: ratio=0.005000, update_n=5000, chunk_size=500
========== Search GTI ==========
query->num: 100
Time of search: 0.002019s
Search recall: 0.954000
========== Search GTI ==========
query->num: 100
Time of search: 0.001588s
Search recall: 0.954000
========== Search GTI ==========
query->num: 100
Time of search: 0.001598s
Search recall: 0.954000
========== Search GTI ==========
query->num: 100
Time of search: 0.001750s
Search recall: 0.954000
========== Search GTI ==========
query->num: 100
Time of search: 0.001384s
Search recall: 0.953000
========== Search GTI ==========
query->num: 100
Time of search: 0.001728s
Search recall: 0.953000
========== Search GTI ==========
query->num: 100
Time of search: 0.001910s
Search recall: 0.952000
========== Search GTI ==========
query->num: 100
Time of search: 0.001987s
Search recall: 0.952000
========== Search GTI ==========
query->num: 100
Time of search: 0.001520s
Search recall: 0.952000
========== Search GTI ==========
query->num: 100
Time of search: 0.001747s
Search recall: 0.951000
Insert avg time: 0.002701s
========== Save results ==========
Results saved to ./results/split_compare/mst_param_tuning/deep/exp6_run1/update/update_summary_k10_l60_ratio0.005.txt
Curve saved to ./results/split_compare/mst_param_tuning/deep/exp6_run1/update/update_curve_k10_l60_ratio0.005.csv
========== Release memory ==========
