========== Load data file ==========
Data dimension: 256
Data size: 1000000
Distance metric type: 0
========== Load query file ==========
Query dimension: 256
Query size: 1000
Distance metric type: 0
========== Build GTI ==========
Graph M: 16
[?12l[?25h[SHG] GTI_SHG_FULL_DIM_LEVEL_SKIP=1: level-skipping uses full-dimensional distance (no compression)
 data_rep_memory_: 0x7f8a191dd010 data_rep_size_:84
Time of index construction: 541.204s
========== Search GTI ==========
query->num: 100
Time of search: 0.00270808s
Search recall: 0.869
========== Save results ==========
Results saved to ./results/deep/aknn_compare/shg_comp_off/cost_10_60.txt
========== Release memory ==========
