========== Load data file ==========
Data dimension: 256
Data size: 1000000
Distance metric type: 0
========== Load query file ==========
Query dimension: 256
Query size: 1000
Distance metric type: 0
========== Build GTI ==========
MST_CONFIG: full_threshold=32 sample_size=64 balance_min_frac=0.010000 use_sampling=1 seed=42 medoid_k=64
MST attempts: 955020, used: 955017, fallbacks: 3
Time of index construction: 79.018562s
========== Update ==========
Update setting: ratio=0.005000, update_n=5000, chunk_size=500
========== Search GTI ==========
query->num: 100
Time of search: 0.001410s
Search recall: 0.950000
========== Search GTI ==========
query->num: 100
Time of search: 0.001585s
Search recall: 0.950000
========== Search GTI ==========
query->num: 100
Time of search: 0.001571s
Search recall: 0.950000
========== Search GTI ==========
query->num: 100
Time of search: 0.001476s
Search recall: 0.950000
========== Search GTI ==========
query->num: 100
Time of search: 0.001763s
Search recall: 0.949000
========== Search GTI ==========
query->num: 100
Time of search: 0.001799s
Search recall: 0.949000
========== Search GTI ==========
query->num: 100
Time of search: 0.002196s
Search recall: 0.949000
========== Search GTI ==========
query->num: 100
Time of search: 0.001458s
Search recall: 0.949000
========== Search GTI ==========
query->num: 100
Time of search: 0.003453s
Search recall: 0.949000
========== Search GTI ==========
query->num: 100
Time of search: 0.002052s
Search recall: 0.948000
Insert avg time: 0.002849s
========== Save results ==========
Results saved to ./results/split_compare/mst_param_tuning/deep/exp7_run1/update/update_summary_k10_l60_ratio0.005.txt
Curve saved to ./results/split_compare/mst_param_tuning/deep/exp7_run1/update/update_curve_k10_l60_ratio0.005.csv
========== Release memory ==========
