========== Load data file ==========
Data dimension: 256
Data size: 1000000
Distance metric type: 0
========== Load query file ==========
Query dimension: 256
Query size: 1000
Distance metric type: 0
========== Build GTI ==========
Graph M: 16
[?12l[?25h[SHG] Graph M: 24 (GTI_SHG_M)
 data_rep_memory_: 0x7f1cf38ac010 data_rep_size_:84
Time of index construction: 766.148s
========== Update ==========
Search L: 60
Update setting: ratio=0.005, update_n=5000, chunk_size=500
========== Search GTI ==========
query->num: 100
Time of search: 0.00501748s
Search recall: 0.851
========== Search GTI ==========
query->num: 100
Time of search: 0.00451507s
Search recall: 0.847
========== Search GTI ==========
query->num: 100
Time of search: 0.00454962s
Search recall: 0.847
========== Search GTI ==========
query->num: 100
Time of search: 0.00442736s
Search recall: 0.847
========== Search GTI ==========
query->num: 100
Time of search: 0.00451779s
Search recall: 0.847
========== Search GTI ==========
query->num: 100
Time of search: 0.00457818s
Search recall: 0.847
========== Search GTI ==========
query->num: 100
Time of search: 0.00441487s
Search recall: 0.847
========== Search GTI ==========
query->num: 100
Time of search: 0.00440056s
Search recall: 0.847
========== Search GTI ==========
query->num: 100
Time of search: 0.0043974s
Search recall: 0.847
========== Search GTI ==========
query->num: 100
Time of search: 0.00455133s
Search recall: 0.847
Insert avg time: 0.00146267s
========== Chunked delete 5000 items (chunk=2000, rebuild_threshold=0, MARK_DELETE_ONLY) ==========
  MarkDelete 2000 items (total 2000) ... total=14.3779s (graph_update=0.00134485s, rebuild=0s)
========== Search GTI ==========
query->num: 100
Time of search: 0.00443924s
Search recall: 0.841
  MarkDelete 2000 items (total 4000) ... total=17.5075s (graph_update=0.0014827s, rebuild=0s)
========== Search GTI ==========
query->num: 100
Time of search: 0.00454954s
Search recall: 0.852
  MarkDelete 1000 items (total 5000) ... total=8.84057s (graph_update=0.000854798s, rebuild=0s)
========== Search GTI ==========
query->num: 100
Time of search: 0.00448975s
Search recall: 0.852
Delete total time: 40.7259s, avg per item: 0.00814519s
========== Save results ==========
Results saved to ./results/deep/update/shg/update_summary_k10_l60_ratio0.005.txt
Curve saved to ./results/deep/update/shg/update_curve_k10_l60_ratio0.005.csv
========== Done ==========
