========== Load data file ==========
Data dimension: 960
Data size: 1000000
Distance metric type: 0
========== Load query file ==========
Query dimension: 960
Query size: 1000
Distance metric type: 0
========== Build GTI ==========
Time of index construction: 226.316s
========== Update ==========
Update setting: ratio=0.005, update_n=5000, chunk_size=500
========== Search GTI ==========
query->num: 100
Time of search: 0.00323918s
Search recall: 0.878
========== Search GTI ==========
query->num: 100
Time of search: 0.00283978s
Search recall: 0.878
========== Search GTI ==========
query->num: 100
Time of search: 0.00283502s
Search recall: 0.878
========== Search GTI ==========
