========== Load data file ==========
Data dimension: 128
Data size: 1000000
Distance metric type: 0
========== Load query file ==========
Query dimension: 128
Query size: 10000
Distance metric type: 0
========== Build GTI ==========
Graph M: 16
[?12l[?25h data_rep_memory_: 0x7fea5aa8f010 data_rep_size_:40
HNSW graph layers (maxlevel_): 5
Time of index construction: 727.836s
========== Update ==========
Search L: 60
Update setting: ratio=0.01, update_n=10000, chunk_size=1000
========== Search GTI ==========
query->num: 100
Time of search: 0.00508508s
Search recall: 0.836
========== Search GTI ==========
query->num: 100
Time of search: 0.00483515s
Search recall: 0.83
========== Search GTI ==========
query->num: 100
Time of search: 0.00502588s
Search recall: 0.83
========== Search GTI ==========
query->num: 100
Time of search: 0.00485687s
Search recall: 0.83
========== Search GTI ==========
query->num: 100
Time of search: 0.00497415s
Search recall: 0.829
========== Search GTI ==========
query->num: 100
Time of search: 0.00495008s
Search recall: 0.826
========== Search GTI ==========
query->num: 100
Time of search: 0.00476749s
Search recall: 0.825
========== Search GTI ==========
query->num: 100
Time of search: 0.00487049s
Search recall: 0.824
========== Search GTI ==========
query->num: 100
Time of search: 0.00475097s
Search recall: 0.825
========== Search GTI ==========
query->num: 100
Time of search: 0.00474512s
Search recall: 0.825
Insert avg time: 0.0010182s
[D] rebuildShortcuts done, shortcutsSize=238
[D] rebuildShortcuts elapsed: 3.47032s
========== Chunked delete 10000 items (chunk=2000, rebuild_threshold=0, MARK_DELETE_ONLY) ==========
  MarkDelete 2000 items (total 2000) ... total=14.8068s (graph_update=0.000861459s, rebuild=0s)
========== Search GTI ==========
query->num: 100
Time of search: 0.00466349s
Search recall: 0.738
  MarkDelete 2000 items (total 4000) ... total=14.7296s (graph_update=0.00131569s, rebuild=0s)
========== Search GTI ==========
query->num: 100
Time of search: 0.00491851s
Search recall: 0.771
  MarkDelete 2000 items (total 6000) ... total=14.9105s (graph_update=0.000856902s, rebuild=0s)
========== Search GTI ==========
query->num: 100
Time of search: 0.00472681s
Search recall: 0.789
  MarkDelete 2000 items (total 8000) ... total=12.7235s (graph_update=0.00124932s, rebuild=0s)
========== Search GTI ==========
query->num: 100
Time of search: 0.00482135s
Search recall: 0.77
  MarkDelete 2000 items (total 10000) ... total=13.2432s (graph_update=0.000859394s, rebuild=0s)
========== Search GTI ==========
query->num: 100
Time of search: 0.00499917s
Search recall: 0.756
Delete total time: 70.4135s, avg per item: 0.00704135s
========== Save results ==========
Results saved to ./results/sift/update/shg_d_rebuild/update_summary_k10_l60_ratio0.010.txt
Curve saved to ./results/sift/update/shg_d_rebuild/update_curve_k10_l60_ratio0.010.csv
========== Done ==========
