========== Load data file ==========
Data dimension: 960
Data size: 1000000
Distance metric type: 0
========== Load query file ==========
Query dimension: 960
Query size: 1000
Distance metric type: 0
========== Build GTI ==========
MST_CONFIG: full_threshold=32 sample_size=64 balance_min_frac=0.050000 use_sampling=1 seed=42 medoid_k=64
MST attempts: 941209, used: 940801, fallbacks: 408
Time of index construction: 234.845444s
========== Update ==========
Update setting: ratio=0.005000, update_n=5000, chunk_size=500
========== Search GTI ==========
query->num: 100
Time of search: 0.002927s
Search recall: 0.889000
========== Search GTI ==========
query->num: 100
Time of search: 0.002817s
Search recall: 0.888000
========== Search GTI ==========
query->num: 100
Time of search: 0.002857s
Search recall: 0.888000
========== Search GTI ==========
query->num: 100
Time of search: 0.003122s
Search recall: 0.889000
========== Search GTI ==========
query->num: 100
Time of search: 0.003217s
Search recall: 0.889000
========== Search GTI ==========
query->num: 100
Time of search: 0.003961s
Search recall: 0.888000
========== Search GTI ==========
query->num: 100
Time of search: 0.003128s
Search recall: 0.888000
========== Search GTI ==========
query->num: 100
Time of search: 0.003578s
Search recall: 0.888000
========== Search GTI ==========
query->num: 100
Time of search: 0.002964s
Search recall: 0.888000
========== Search GTI ==========
query->num: 100
Time of search: 0.003754s
Search recall: 0.888000
Insert avg time: 0.005139s
========== Save results ==========
Results saved to ./results/split_compare/mst_param_tuning/gist/exp2_run3/update/update_summary_k10_l60_ratio0.005.txt
Curve saved to ./results/split_compare/mst_param_tuning/gist/exp2_run3/update/update_curve_k10_l60_ratio0.005.csv
========== Release memory ==========
