========== Load data file ==========
Data dimension: 128
Data size: 1000000
Distance metric type: 0
========== Load query file ==========
Query dimension: 128
Query size: 10000
Distance metric type: 0
========== Build GTI ==========
Time of index construction: 237.467s
========== Update ==========
Update setting: ratio=0.01, update_n=10000, chunk_size=1000
========== Search GTI ==========
query->num: 100
Time of search: 0.00100968s
Search recall: 0.881
========== Search GTI ==========
query->num: 100
Time of search: 0.00100643s
Search recall: 0.881
========== Search GTI ==========
query->num: 100
Time of search: 0.00100797s
Search recall: 0.881
========== Search GTI ==========
query->num: 100
Time of search: 0.00100802s
Search recall: 0.881
========== Search GTI ==========
query->num: 100
Time of search: 0.00100651s
Search recall: 0.878
========== Search GTI ==========
query->num: 100
Time of search: 0.00100722s
Search recall: 0.869
========== Search GTI ==========
query->num: 100
Time of search: 0.00102129s
Search recall: 0.857
========== Search GTI ==========
query->num: 100
Time of search: 0.00101538s
Search recall: 0.852
========== Search GTI ==========
query->num: 100
Time of search: 0.001015s
Search recall: 0.846
========== Search GTI ==========
query->num: 100
Time of search: 0.00101057s
Search recall: 0.846
Insert avg time: 0.000499201s
========== Chunked delete 10000 items (chunk=2000, rebuild_threshold=0, PATCH_DELETE_ONLY) ==========
  PatchDelete 2000 items (total 2000) ... total=3.17802s (graph_update=0.213322s, rebuild=0s)
========== Search GTI ==========
query->num: 100
Time of search: 0.00118634s
Search recall: 0.846
  PatchDelete 2000 items (total 4000) ... total=3.02367s (graph_update=0.219501s, rebuild=0s)
========== Search GTI ==========
query->num: 100
Time of search: 0.00115729s
Search recall: 0.846
  PatchDelete 2000 items (total 6000) ... total=2.93708s (graph_update=0.212499s, rebuild=0s)
========== Search GTI ==========
query->num: 100
Time of search: 0.00114896s
Search recall: 0.824
  PatchDelete 2000 items (total 8000) ... total=2.5718s (graph_update=0.211195s, rebuild=0s)
========== Search GTI ==========
query->num: 100
Time of search: 0.00112641s
Search recall: 0.808
  PatchDelete 2000 items (total 10000) ... total=2.72522s (graph_update=0.209333s, rebuild=0s)
========== Search GTI ==========
query->num: 100
Time of search: 0.00116136s
Search recall: 0.797
Delete total time: 14.4358s, avg per item: 0.00144358s
========== Save results ==========
Results saved to ./results/sift/update/recall_sweep/efb160_em10/update_summary_k10_l60_ratio0.01.txt
Curve saved to ./results/sift/update/recall_sweep/efb160_em10/update_curve_k10_l60_ratio0.01.csv
========== Done ==========
