========== Load data file ==========
Data dimension: 128
Data size: 1000000
Distance metric type: 0
========== Load query file ==========
Query dimension: 128
Query size: 10000
Distance metric type: 0
========== Build GTI ==========
Graph M: 16
[SHG] Graph M: 24 (GTI_SHG_M)
 data_rep_memory_: 0x7f266a960010 data_rep_size_:40
Time of index construction: 432.023s
========== Update ==========
Search L: 60
Update setting: ratio=0.01, update_n=10000, chunk_size=1000
========== Search GTI ==========
query->num: 100
Time of search: 0.00266112s
Search recall: 0.874
========== Search GTI ==========
query->num: 100
Time of search: 0.00248232s
Search recall: 0.872
========== Search GTI ==========
query->num: 100
Time of search: 0.00263003s
Search recall: 0.872
========== Search GTI ==========
query->num: 100
Time of search: 0.00250865s
Search recall: 0.872
========== Search GTI ==========
query->num: 100
Time of search: 0.00246565s
Search recall: 0.871
========== Search GTI ==========
query->num: 100
Time of search: 0.00246262s
Search recall: 0.869
========== Search GTI ==========
query->num: 100
Time of search: 0.00248917s
Search recall: 0.866
========== Search GTI ==========
query->num: 100
Time of search: 0.0024581s
Search recall: 0.866
========== Search GTI ==========
query->num: 100
Time of search: 0.00250303s
Search recall: 0.866
========== Search GTI ==========
query->num: 100
Time of search: 0.00247034s
Search recall: 0.866
Insert avg time: 0.000828236s
[D] rebuildShortcuts elapsed: 0.803431s
========== Chunked delete 10000 items (chunk=2000, rebuild_threshold=0, MARK_DELETE_ONLY) ==========
  MarkDelete 2000 items (total 2000) ... total=16.7253s (graph_update=0.00119355s, rebuild=0s)
========== Search GTI ==========
query->num: 100
Time of search: 0.00257037s
Search recall: 0.866
  MarkDelete 2000 items (total 4000) ... total=15.4376s (graph_update=0.00144061s, rebuild=0s)
========== Search GTI ==========
query->num: 100
Time of search: 0.00253569s
Search recall: 0.866
  MarkDelete 2000 items (total 6000) ... total=15.0645s (graph_update=0.00118002s, rebuild=0s)
========== Search GTI ==========
query->num: 100
Time of search: 0.00251936s
Search recall: 0.83
  MarkDelete 2000 items (total 8000) ... total=12.2297s (graph_update=0.00221935s, rebuild=0s)
========== Search GTI ==========
query->num: 100
Time of search: 0.00254602s
Search recall: 0.801
  MarkDelete 2000 items (total 10000) ... total=13.6722s (graph_update=0.00126917s, rebuild=0s)
========== Search GTI ==========
query->num: 100
Time of search: 0.00255958s
Search recall: 0.789
Delete total time: 73.1293s, avg per item: 0.00731293s
========== Save results ==========
Results saved to ./results/sift/update/shg_m24_efb120_efs50/update_summary_k10_l60_ratio0.010.txt
Curve saved to ./results/sift/update/shg_m24_efb120_efs50/update_curve_k10_l60_ratio0.010.csv
========== Done ==========
