========== Load data file ==========
Data dimension: 960
Data size: 1000000
Distance metric type: 0
========== Load query file ==========
Query dimension: 960
Query size: 1000
Distance metric type: 0
========== Build GTI ==========
MST_CONFIG: full_threshold=64 sample_size=64 balance_min_frac=0.050000 use_sampling=1 seed=42 medoid_k=64
MST attempts: 941209, used: 940801, fallbacks: 408
Time of index construction: 243.395035s
========== Update ==========
Update setting: ratio=0.005000, update_n=5000, chunk_size=500
========== Search GTI ==========
query->num: 100
Time of search: 0.003963s
Search recall: 0.885000
========== Search GTI ==========
query->num: 100
Time of search: 0.003985s
Search recall: 0.884000
========== Search GTI ==========
query->num: 100
Time of search: 0.003015s
Search recall: 0.883000
========== Search GTI ==========
query->num: 100
Time of search: 0.002869s
Search recall: 0.884000
========== Search GTI ==========
query->num: 100
Time of search: 0.003509s
Search recall: 0.883000
========== Search GTI ==========
query->num: 100
Time of search: 0.003076s
Search recall: 0.883000
========== Search GTI ==========
query->num: 100
Time of search: 0.003040s
Search recall: 0.883000
========== Search GTI ==========
query->num: 100
Time of search: 0.003863s
Search recall: 0.883000
========== Search GTI ==========
query->num: 100
Time of search: 0.003102s
Search recall: 0.883000
========== Search GTI ==========
query->num: 100
Time of search: 0.005730s
Search recall: 0.882000
Insert avg time: 0.005348s
========== Save results ==========
Results saved to ./results/split_compare/mst_param_tuning/gist/exp4_run1/update/update_summary_k10_l60_ratio0.005.txt
Curve saved to ./results/split_compare/mst_param_tuning/gist/exp4_run1/update/update_curve_k10_l60_ratio0.005.csv
========== Release memory ==========
