========== Load data file ==========
Data dimension: 128
Data size: 1000000
Distance metric type: 0
========== Load query file ==========
Query dimension: 128
Query size: 10000
Distance metric type: 0
========== Build GTI ==========
Time of index construction: 288.936s
========== Update ==========
Update setting: ratio=0.01, update_n=10000, chunk_size=1000
========== Search GTI ==========
query->num: 100
Time of search: 0.00103037s
Search recall: 0.881
========== Search GTI ==========
query->num: 100
Time of search: 0.00103392s
Search recall: 0.881
========== Search GTI ==========
query->num: 100
Time of search: 0.00104193s
Search recall: 0.881
========== Search GTI ==========
query->num: 100
Time of search: 0.00102586s
Search recall: 0.881
========== Search GTI ==========
query->num: 100
Time of search: 0.00102591s
Search recall: 0.878
========== Search GTI ==========
query->num: 100
Time of search: 0.00102894s
Search recall: 0.869
========== Search GTI ==========
query->num: 100
Time of search: 0.00101956s
Search recall: 0.857
========== Search GTI ==========
query->num: 100
Time of search: 0.0010284s
Search recall: 0.852
========== Search GTI ==========
query->num: 100
Time of search: 0.00102411s
Search recall: 0.846
========== Search GTI ==========
query->num: 100
Time of search: 0.00102535s
Search recall: 0.846
Insert avg time: 0.000578194s
========== Chunked delete 10000 items (chunk=2000, rebuild_threshold=0, PATCH_DELETE_ONLY) ==========
  PatchDelete 2000 items (total 2000) ... total=3.29291s (graph_update=0.205449s, rebuild=0s)
========== Search GTI ==========
query->num: 100
Time of search: 0.00119501s
Search recall: 0.846
  PatchDelete 2000 items (total 4000) ... total=3.07964s (graph_update=0.193033s, rebuild=0s)
========== Search GTI ==========
query->num: 100
Time of search: 0.00116077s
Search recall: 0.846
  PatchDelete 2000 items (total 6000) ... total=3.03656s (graph_update=0.189516s, rebuild=0s)
========== Search GTI ==========
query->num: 100
Time of search: 0.00117s
Search recall: 0.824
  PatchDelete 2000 items (total 8000) ... total=2.5969s (graph_update=0.189753s, rebuild=0s)
========== Search GTI ==========
query->num: 100
Time of search: 0.00114305s
Search recall: 0.808
  PatchDelete 2000 items (total 10000) ... total=2.75364s (graph_update=0.18801s, rebuild=0s)
========== Search GTI ==========
query->num: 100
Time of search: 0.00113965s
Search recall: 0.797
Delete total time: 14.7597s, avg per item: 0.00147597s
========== Save results ==========
Results saved to ./results/sift/update/recall_sweep/efb200_em10/update_summary_k10_l60_ratio0.01.txt
Curve saved to ./results/sift/update/recall_sweep/efb200_em10/update_curve_k10_l60_ratio0.01.csv
========== Done ==========
