========== Load data file ==========
Data dimension: 960
Data size: 1000000
Distance metric type: 0
========== Load query file ==========
Query dimension: 960
Query size: 1000
Distance metric type: 0
========== Build GTI ==========
MST_CONFIG: full_threshold=32 sample_size=64 balance_min_frac=0.100000 use_sampling=1 seed=42 medoid_k=64
MST attempts: 941209, used: 940801, fallbacks: 408
Time of index construction: 235.055740s
========== Update ==========
Update setting: ratio=0.005000, update_n=5000, chunk_size=500
========== Search GTI ==========
query->num: 100
Time of search: 0.003782s
Search recall: 0.886000
========== Search GTI ==========
query->num: 100
Time of search: 0.003883s
Search recall: 0.886000
========== Search GTI ==========
query->num: 100
Time of search: 0.003692s
Search recall: 0.886000
========== Search GTI ==========
query->num: 100
Time of search: 0.003820s
Search recall: 0.886000
========== Search GTI ==========
query->num: 100
Time of search: 0.003054s
Search recall: 0.887000
========== Search GTI ==========
query->num: 100
Time of search: 0.002882s
Search recall: 0.886000
========== Search GTI ==========
query->num: 100
Time of search: 0.003249s
Search recall: 0.885000
========== Search GTI ==========
query->num: 100
Time of search: 0.002815s
Search recall: 0.886000
========== Search GTI ==========
query->num: 100
Time of search: 0.002872s
Search recall: 0.886000
========== Search GTI ==========
query->num: 100
Time of search: 0.003263s
Search recall: 0.886000
Insert avg time: 0.005606s
========== Save results ==========
Results saved to ./results/split_compare/mst_param_tuning/gist/exp8_run1/update/update_summary_k10_l60_ratio0.005.txt
Curve saved to ./results/split_compare/mst_param_tuning/gist/exp8_run1/update/update_curve_k10_l60_ratio0.005.csv
========== Release memory ==========
