========== Load data file ==========
Data dimension: 128
Data size: 1000000
Distance metric type: 0
========== Load query file ==========
Query dimension: 128
Query size: 10000
Distance metric type: 0
========== Build GTI ==========
Graph M: 16
[GTI] graph_level_offset=2 (build graph at height-3)
Time of index construction: 26.8587s
========== Update ==========
Search L: 60
Update setting: ratio=0.01, update_n=10000, chunk_size=1000
========== Search GTI ==========
query->num: 100
Time of search: 0.0715812s
Search recall: 0.849
========== Search GTI ==========
query->num: 100
Time of search: 0.0698847s
Search recall: 0.849
========== Search GTI ==========
query->num: 100
Time of search: 0.0710611s
Search recall: 0.849
========== Search GTI ==========
query->num: 100
Time of search: 0.0703647s
Search recall: 0.849
========== Search GTI ==========
query->num: 100
Time of search: 0.0698056s
Search recall: 0.844
========== Search GTI ==========
query->num: 100
Time of search: 0.0712769s
Search recall: 0.826
========== Search GTI ==========
query->num: 100
Time of search: 0.0707088s
Search recall: 0.813
========== Search GTI ==========
query->num: 100
Time of search: 0.0700647s
Search recall: 0.806
========== Search GTI ==========
query->num: 100
Time of search: 0.0694856s
Search recall: 0.799
========== Search GTI ==========
query->num: 100
Time of search: 0.0694011s
Search recall: 0.8
Insert avg time: 0.000152956s
========== Chunked delete 10000 items (chunk=2000, rebuild_threshold=999999) ==========
  Lazy delete 2000 (total 2000) ... 0.000103834s
========== Search GTI ==========
query->num: 100
Time of search: 0.0711463s
Search recall: 0.799
  Lazy delete 2000 (total 4000) ... 0.000117032s
========== Search GTI ==========
query->num: 100
Time of search: 0.0705176s
Search recall: 0.799
  Lazy delete 2000 (total 6000) ... 7.075e-05s
========== Search GTI ==========
query->num: 100
Time of search: 0.0709934s
Search recall: 0.781
  Lazy delete 2000 (total 8000) ... 0.000131631s
========== Search GTI ==========
query->num: 100
Time of search: 0.0701976s
Search recall: 0.769
  Lazy delete 2000 (total 10000) ... 9.0179e-05s
========== Search GTI ==========
query->num: 100
Time of search: 0.0707244s
Search recall: 0.761
  Final rebuild 10000 items ... total=1268.33s (graph_update=0s, rebuild=0s)
========== Search GTI ==========
query->num: 100
Time of search: 0.142862s
Search recall: 0.759
Delete total time: 1268.33s, avg per item: 0.126833s
========== Save results ==========
Results saved to ./results/sift/update/lazy_leveloff2/update_summary_k10_l60_ratio0.010.txt
Curve saved to ./results/sift/update/lazy_leveloff2/update_curve_k10_l60_ratio0.010.csv
========== Done ==========

输出: ./results/sift/update/lazy_leveloff2/update_curve_k10_l60_ratio0.01.csv
     ./results/sift/update/lazy_leveloff2/update_summary_k10_l60_ratio0.01.txt
