========== Load data file ==========
Data dimension: 960
Data size: 1000000
Distance metric type: 0
========== Load query file ==========
Query dimension: 960
Query size: 1000
Distance metric type: 0
========== Build GTI ==========
Time of index construction: 230.093s
========== Update ==========
Update setting: ratio=0.005, update_n=5000, chunk_size=500
========== Search GTI ==========
query->num: 100
Time of search: 0.00303719s
Search recall: 0.876
========== Search GTI ==========
query->num: 100
Time of search: 0.00289643s
Search recall: 0.876
========== Search GTI ==========
query->num: 100
Time of search: 0.00287392s
Search recall: 0.876
========== Search GTI ==========
query->num: 100
Time of search: 0.00290108s
Search recall: 0.876
========== Search GTI ==========
query->num: 100
Time of search: 0.00320985s
Search recall: 0.876
========== Search GTI ==========
query->num: 100
Time of search: 0.00283875s
Search recall: 0.876
========== Search GTI ==========
query->num: 100
Time of search: 0.00286983s
Search recall: 0.877
========== Search GTI ==========
query->num: 100
Time of search: 0.00282526s
Search recall: 0.877
========== Search GTI ==========
query->num: 100
Time of search: 0.00284865s
Search recall: 0.879
========== Search GTI ==========
query->num: 100
Time of search: 0.00284385s
Search recall: 0.879
Insert avg time: 0.0052869s
========== Save results ==========
Results saved to ./results/lsh_experiment/gist_ef5L_L2K4s4d16_run1/update/update_summary_k10_l60_ratio0.005.txt
Curve saved to ./results/lsh_experiment/gist_ef5L_L2K4s4d16_run1/update/update_curve_k10_l60_ratio0.005.csv
========== Release memory ==========
