========== Load data file ==========
Data dimension: 128
Data size: 1000000
Distance metric type: 0
========== Load query file ==========
Query dimension: 128
Query size: 10000
Distance metric type: 0
========== Build GTI ==========
Time of index construction: 39.1183s
========== Update ==========
Update setting: ratio=0.005, update_n=5000, chunk_size=500
========== Search GTI ==========
query->num: 100
Time of search: 0.00106771s
Search recall: 0.977
========== Search GTI ==========
query->num: 100
Time of search: 0.00102079s
Search recall: 0.977
========== Search GTI ==========
query->num: 100
Time of search: 0.000970845s
Search recall: 0.977
========== Search GTI ==========
query->num: 100
Time of search: 0.000984922s
Search recall: 0.977
========== Search GTI ==========
query->num: 100
Time of search: 0.00122952s
Search recall: 0.977
========== Search GTI ==========
query->num: 100
Time of search: 0.000956964s
Search recall: 0.977
========== Search GTI ==========
query->num: 100
Time of search: 0.000976978s
Search recall: 0.977
========== Search GTI ==========
query->num: 100
Time of search: 0.000953224s
Search recall: 0.977
========== Search GTI ==========
query->num: 100
Time of search: 0.000971448s
Search recall: 0.975
========== Search GTI ==========
query->num: 100
Time of search: 0.0012518s
Search recall: 0.966
Insert avg time: 0.00182789s
========== Save results ==========
Results saved to ./results/lsh_experiment/sift_baseline_run1/update/update_summary_k10_l60_ratio0.005.txt
Curve saved to ./results/lsh_experiment/sift_baseline_run1/update/update_curve_k10_l60_ratio0.005.csv
========== Release memory ==========
