========== Load data file ==========
Data dimension: 128
Data size: 1000000
Distance metric type: 0
========== Load query file ==========
Query dimension: 128
Query size: 10000
Distance metric type: 0
========== Build GTI ==========
Graph M: 16
[SHG] Graph M: 32 (GTI_SHG_M)
 data_rep_memory_: 0x7fc59998f010 data_rep_size_:40
Time of index construction: 298.209s
========== Update ==========
Search L: 60
Update setting: ratio=0.01, update_n=10000, chunk_size=1000
========== Search GTI ==========
query->num: 100
Time of search: 0.00176821s
Search recall: 0.861
========== Search GTI ==========
query->num: 100
Time of search: 0.00161182s
Search recall: 0.86
========== Search GTI ==========
query->num: 100
Time of search: 0.00159712s
Search recall: 0.86
========== Search GTI ==========
query->num: 100
Time of search: 0.00159508s
Search recall: 0.86
========== Search GTI ==========
query->num: 100
Time of search: 0.00164075s
Search recall: 0.859
========== Search GTI ==========
query->num: 100
Time of search: 0.00159366s
Search recall: 0.857
========== Search GTI ==========
query->num: 100
Time of search: 0.00159475s
Search recall: 0.854
========== Search GTI ==========
query->num: 100
Time of search: 0.00164361s
Search recall: 0.854
========== Search GTI ==========
query->num: 100
Time of search: 0.00160998s
Search recall: 0.854
========== Search GTI ==========
query->num: 100
Time of search: 0.00159656s
Search recall: 0.854
Insert avg time: 0.000636514s
[D] rebuildShortcuts elapsed: 0.30948s
========== Chunked delete 10000 items (chunk=2000, rebuild_threshold=0, MARK_DELETE_ONLY) ==========
  MarkDelete 2000 items (total 2000) ... total=14.603s (graph_update=0.00133655s, rebuild=0s)
========== Search GTI ==========
query->num: 100
Time of search: 0.00162686s
Search recall: 0.856
  MarkDelete 2000 items (total 4000) ... total=13.1314s (graph_update=0.0014743s, rebuild=0s)
========== Search GTI ==========
query->num: 100
Time of search: 0.0016622s
Search recall: 0.855
  MarkDelete 2000 items (total 6000) ... total=13.1107s (graph_update=0.00119395s, rebuild=0s)
========== Search GTI ==========
query->num: 100
Time of search: 0.00162435s
Search recall: 0.82
  MarkDelete 2000 items (total 8000) ... total=10.836s (graph_update=0.00196355s, rebuild=0s)
========== Search GTI ==========
query->num: 100
Time of search: 0.00161175s
Search recall: 0.792
  MarkDelete 2000 items (total 10000) ... total=11.5801s (graph_update=0.0012803s, rebuild=0s)
========== Search GTI ==========
query->num: 100
Time of search: 0.00167135s
Search recall: 0.78
Delete total time: 63.2611s, avg per item: 0.00632611s
========== Save results ==========
Results saved to ./results/sift/update/shg_m32_efb80_efs50/update_summary_k10_l60_ratio0.010.txt
Curve saved to ./results/sift/update/shg_m32_efb80_efs50/update_curve_k10_l60_ratio0.010.csv
========== Done ==========
